Analysis & Synthesis report for arithmetic_coding
Sun Aug 21 23:35:11 2022
Quartus II 64-Bit Version 13.0.1 Build 232 06/12/2013 Service Pack 1 SJ Full Version


---------------------
; Table of Contents ;
---------------------
  1. Legal Notice
  2. Analysis & Synthesis Summary
  3. Analysis & Synthesis Settings
  4. Parallel Compilation
  5. Analysis & Synthesis Source Files Read
  6. Analysis & Synthesis Resource Usage Summary
  7. Analysis & Synthesis Resource Utilization by Entity
  8. Analysis & Synthesis DSP Block Usage Summary
  9. State Machine - |encoder|E3_flag
 10. State Machine - |encoder|remaining_flag
 11. State Machine - |encoder|start_flag
 12. State Machine - |encoder|stop_flag
 13. Registers Removed During Synthesis
 14. General Register Statistics
 15. Inverted Register Statistics
 16. Multiplexer Restructuring Statistics (Restructuring Performed)
 17. Parameter Settings for User Entity Instance: Top-level Entity: |encoder
 18. Parameter Settings for Inferred Entity Instance: lpm_mult:Mult0
 19. Parameter Settings for Inferred Entity Instance: lpm_divide:Div0
 20. Parameter Settings for Inferred Entity Instance: lpm_mult:Mult1
 21. Parameter Settings for Inferred Entity Instance: lpm_divide:Div1
 22. lpm_mult Parameter Settings by Entity Instance
 23. Elapsed Time Per Partition
 24. Analysis & Synthesis Messages



----------------
; Legal Notice ;
----------------
Copyright (C) 1991-2013 Altera Corporation
Your use of Altera Corporation's design tools, logic functions 
and other software and tools, and its AMPP partner logic 
functions, and any output files from any of the foregoing 
(including device programming or simulation files), and any 
associated documentation or information are expressly subject 
to the terms and conditions of the Altera Program License 
Subscription Agreement, Altera MegaCore Function License 
Agreement, or other applicable license agreement, including, 
without limitation, that your use is for the sole purpose of 
programming logic devices manufactured by Altera and sold by 
Altera or its authorized distributors.  Please refer to the 
applicable agreement for further details.



+---------------------------------------------------------------------------------------+
; Analysis & Synthesis Summary                                                          ;
+------------------------------------+--------------------------------------------------+
; Analysis & Synthesis Status        ; Successful - Sun Aug 21 23:35:11 2022            ;
; Quartus II 64-Bit Version          ; 13.0.1 Build 232 06/12/2013 SP 1 SJ Full Version ;
; Revision Name                      ; arithmetic_coding                                ;
; Top-level Entity Name              ; encoder                                          ;
; Family                             ; Cyclone IV E                                     ;
; Total logic elements               ; 1,577                                            ;
;     Total combinational functions  ; 1,577                                            ;
;     Dedicated logic registers      ; 258                                              ;
; Total registers                    ; 258                                              ;
; Total pins                         ; 9                                                ;
; Total virtual pins                 ; 0                                                ;
; Total memory bits                  ; 0                                                ;
; Embedded Multiplier 9-bit elements ; 8                                                ;
; Total PLLs                         ; 0                                                ;
+------------------------------------+--------------------------------------------------+


+----------------------------------------------------------------------------------------------------------------------+
; Analysis & Synthesis Settings                                                                                        ;
+----------------------------------------------------------------------------+--------------------+--------------------+
; Option                                                                     ; Setting            ; Default Value      ;
+----------------------------------------------------------------------------+--------------------+--------------------+
; Device                                                                     ; EP4CE10F17C8       ;                    ;
; Top-level entity name                                                      ; encoder            ; arithmetic_coding  ;
; Family name                                                                ; Cyclone IV E       ; Cyclone IV GX      ;
; Use smart compilation                                                      ; Off                ; Off                ;
; Enable parallel Assembler and TimeQuest Timing Analyzer during compilation ; On                 ; On                 ;
; Enable compact report table                                                ; Off                ; Off                ;
; Restructure Multiplexers                                                   ; Auto               ; Auto               ;
; Create Debugging Nodes for IP Cores                                        ; Off                ; Off                ;
; Preserve fewer node names                                                  ; On                 ; On                 ;
; Disable OpenCore Plus hardware evaluation                                  ; Off                ; Off                ;
; Verilog Version                                                            ; Verilog_2001       ; Verilog_2001       ;
; VHDL Version                                                               ; VHDL_1993          ; VHDL_1993          ;
; State Machine Processing                                                   ; Auto               ; Auto               ;
; Safe State Machine                                                         ; Off                ; Off                ;
; Extract Verilog State Machines                                             ; On                 ; On                 ;
; Extract VHDL State Machines                                                ; On                 ; On                 ;
; Ignore Verilog initial constructs                                          ; Off                ; Off                ;
; Iteration limit for constant Verilog loops                                 ; 5000               ; 5000               ;
; Iteration limit for non-constant Verilog loops                             ; 250                ; 250                ;
; Add Pass-Through Logic to Inferred RAMs                                    ; On                 ; On                 ;
; Infer RAMs from Raw Logic                                                  ; On                 ; On                 ;
; Parallel Synthesis                                                         ; On                 ; On                 ;
; DSP Block Balancing                                                        ; Auto               ; Auto               ;
; NOT Gate Push-Back                                                         ; On                 ; On                 ;
; Power-Up Don't Care                                                        ; On                 ; On                 ;
; Remove Redundant Logic Cells                                               ; Off                ; Off                ;
; Remove Duplicate Registers                                                 ; On                 ; On                 ;
; Ignore CARRY Buffers                                                       ; Off                ; Off                ;
; Ignore CASCADE Buffers                                                     ; Off                ; Off                ;
; Ignore GLOBAL Buffers                                                      ; Off                ; Off                ;
; Ignore ROW GLOBAL Buffers                                                  ; Off                ; Off                ;
; Ignore LCELL Buffers                                                       ; Off                ; Off                ;
; Ignore SOFT Buffers                                                        ; On                 ; On                 ;
; Limit AHDL Integers to 32 Bits                                             ; Off                ; Off                ;
; Optimization Technique                                                     ; Balanced           ; Balanced           ;
; Carry Chain Length                                                         ; 70                 ; 70                 ;
; Auto Carry Chains                                                          ; On                 ; On                 ;
; Auto Open-Drain Pins                                                       ; On                 ; On                 ;
; Perform WYSIWYG Primitive Resynthesis                                      ; Off                ; Off                ;
; Auto ROM Replacement                                                       ; On                 ; On                 ;
; Auto RAM Replacement                                                       ; On                 ; On                 ;
; Auto DSP Block Replacement                                                 ; On                 ; On                 ;
; Auto Shift Register Replacement                                            ; Auto               ; Auto               ;
; Allow Shift Register Merging across Hierarchies                            ; Auto               ; Auto               ;
; Auto Clock Enable Replacement                                              ; On                 ; On                 ;
; Strict RAM Replacement                                                     ; Off                ; Off                ;
; Allow Synchronous Control Signals                                          ; On                 ; On                 ;
; Force Use of Synchronous Clear Signals                                     ; Off                ; Off                ;
; Auto RAM Block Balancing                                                   ; On                 ; On                 ;
; Auto RAM to Logic Cell Conversion                                          ; Off                ; Off                ;
; Auto Resource Sharing                                                      ; Off                ; Off                ;
; Allow Any RAM Size For Recognition                                         ; Off                ; Off                ;
; Allow Any ROM Size For Recognition                                         ; Off                ; Off                ;
; Allow Any Shift Register Size For Recognition                              ; Off                ; Off                ;
; Use LogicLock Constraints during Resource Balancing                        ; On                 ; On                 ;
; Ignore translate_off and synthesis_off directives                          ; Off                ; Off                ;
; Timing-Driven Synthesis                                                    ; On                 ; On                 ;
; Report Parameter Settings                                                  ; On                 ; On                 ;
; Report Source Assignments                                                  ; On                 ; On                 ;
; Report Connectivity Checks                                                 ; On                 ; On                 ;
; Ignore Maximum Fan-Out Assignments                                         ; Off                ; Off                ;
; Synchronization Register Chain Length                                      ; 2                  ; 2                  ;
; PowerPlay Power Optimization                                               ; Normal compilation ; Normal compilation ;
; HDL message level                                                          ; Level2             ; Level2             ;
; Suppress Register Optimization Related Messages                            ; Off                ; Off                ;
; Number of Removed Registers Reported in Synthesis Report                   ; 5000               ; 5000               ;
; Number of Swept Nodes Reported in Synthesis Report                         ; 5000               ; 5000               ;
; Number of Inverted Registers Reported in Synthesis Report                  ; 100                ; 100                ;
; Clock MUX Protection                                                       ; On                 ; On                 ;
; Auto Gated Clock Conversion                                                ; Off                ; Off                ;
; Block Design Naming                                                        ; Auto               ; Auto               ;
; SDC constraint protection                                                  ; Off                ; Off                ;
; Synthesis Effort                                                           ; Auto               ; Auto               ;
; Shift Register Replacement - Allow Asynchronous Clear Signal               ; On                 ; On                 ;
; Pre-Mapping Resynthesis Optimization                                       ; Off                ; Off                ;
; Analysis & Synthesis Message Level                                         ; Medium             ; Medium             ;
; Disable Register Merging Across Hierarchies                                ; Auto               ; Auto               ;
; Resource Aware Inference For Block RAM                                     ; On                 ; On                 ;
; Synthesis Seed                                                             ; 1                  ; 1                  ;
+----------------------------------------------------------------------------+--------------------+--------------------+


+------------------------------------------+
; Parallel Compilation                     ;
+----------------------------+-------------+
; Processors                 ; Number      ;
+----------------------------+-------------+
; Number detected on machine ; 16          ;
; Maximum allowed            ; 8           ;
;                            ;             ;
; Average used               ; 1.00        ;
; Maximum used               ; 8           ;
;                            ;             ;
; Usage by Processor         ; % Time Used ;
;     Processor 1            ; 100.0%      ;
;     Processors 2-8         ; < 0.1%      ;
;     Processors 9-16        ;   0.0%      ;
+----------------------------+-------------+


+--------------------------------------------------------------------------------------------------------------------------------------------------------------------------------------------------+
; Analysis & Synthesis Source Files Read                                                                                                                                                           ;
+----------------------------------+-----------------+------------------------------+----------------------------------------------------------------------------------------------------+---------+
; File Name with User-Entered Path ; Used in Netlist ; File Type                    ; File Name with Absolute Path                                                                       ; Library ;
+----------------------------------+-----------------+------------------------------+----------------------------------------------------------------------------------------------------+---------+
; ../RTL/encoder.v                 ; yes             ; User Verilog HDL File        ; C:/Users/SHILEI WANG/Desktop/FYP/FPGA/arithmetic_coding/RTL/encoder.v                              ;         ;
; lpm_mult.tdf                     ; yes             ; Megafunction                 ; d:/quartus ii/quartus/libraries/megafunctions/lpm_mult.tdf                                         ;         ;
; aglobal130.inc                   ; yes             ; Megafunction                 ; d:/quartus ii/quartus/libraries/megafunctions/aglobal130.inc                                       ;         ;
; lpm_add_sub.inc                  ; yes             ; Megafunction                 ; d:/quartus ii/quartus/libraries/megafunctions/lpm_add_sub.inc                                      ;         ;
; multcore.inc                     ; yes             ; Megafunction                 ; d:/quartus ii/quartus/libraries/megafunctions/multcore.inc                                         ;         ;
; bypassff.inc                     ; yes             ; Megafunction                 ; d:/quartus ii/quartus/libraries/megafunctions/bypassff.inc                                         ;         ;
; altshift.inc                     ; yes             ; Megafunction                 ; d:/quartus ii/quartus/libraries/megafunctions/altshift.inc                                         ;         ;
; db/mult_rbt.tdf                  ; yes             ; Auto-Generated Megafunction  ; C:/Users/SHILEI WANG/Desktop/FYP/FPGA/arithmetic_coding/quartus_project/db/mult_rbt.tdf            ;         ;
; lpm_divide.tdf                   ; yes             ; Megafunction                 ; d:/quartus ii/quartus/libraries/megafunctions/lpm_divide.tdf                                       ;         ;
; abs_divider.inc                  ; yes             ; Megafunction                 ; d:/quartus ii/quartus/libraries/megafunctions/abs_divider.inc                                      ;         ;
; sign_div_unsign.inc              ; yes             ; Megafunction                 ; d:/quartus ii/quartus/libraries/megafunctions/sign_div_unsign.inc                                  ;         ;
; db/lpm_divide_3jm.tdf            ; yes             ; Auto-Generated Megafunction  ; C:/Users/SHILEI WANG/Desktop/FYP/FPGA/arithmetic_coding/quartus_project/db/lpm_divide_3jm.tdf      ;         ;
; db/sign_div_unsign_rlh.tdf       ; yes             ; Auto-Generated Megafunction  ; C:/Users/SHILEI WANG/Desktop/FYP/FPGA/arithmetic_coding/quartus_project/db/sign_div_unsign_rlh.tdf ;         ;
; db/alt_u_div_a7f.tdf             ; yes             ; Auto-Generated Megafunction  ; C:/Users/SHILEI WANG/Desktop/FYP/FPGA/arithmetic_coding/quartus_project/db/alt_u_div_a7f.tdf       ;         ;
; db/add_sub_7pc.tdf               ; yes             ; Auto-Generated Megafunction  ; C:/Users/SHILEI WANG/Desktop/FYP/FPGA/arithmetic_coding/quartus_project/db/add_sub_7pc.tdf         ;         ;
; db/add_sub_8pc.tdf               ; yes             ; Auto-Generated Megafunction  ; C:/Users/SHILEI WANG/Desktop/FYP/FPGA/arithmetic_coding/quartus_project/db/add_sub_8pc.tdf         ;         ;
+----------------------------------+-----------------+------------------------------+----------------------------------------------------------------------------------------------------+---------+


+-------------------------------------------------------------+
; Analysis & Synthesis Resource Usage Summary                 ;
+---------------------------------------------+---------------+
; Resource                                    ; Usage         ;
+---------------------------------------------+---------------+
; Estimated Total logic elements              ; 1,577         ;
;                                             ;               ;
; Total combinational functions               ; 1577          ;
; Logic element usage by number of LUT inputs ;               ;
;     -- 4 input functions                    ; 655           ;
;     -- 3 input functions                    ; 243           ;
;     -- <=2 input functions                  ; 679           ;
;                                             ;               ;
; Logic elements by mode                      ;               ;
;     -- normal mode                          ; 1330          ;
;     -- arithmetic mode                      ; 247           ;
;                                             ;               ;
; Total registers                             ; 258           ;
;     -- Dedicated logic registers            ; 258           ;
;     -- I/O registers                        ; 0             ;
;                                             ;               ;
; I/O pins                                    ; 9             ;
; Embedded Multiplier 9-bit elements          ; 8             ;
; Maximum fan-out node                        ; sys_clk~input ;
; Maximum fan-out                             ; 258           ;
; Total fan-out                               ; 5274          ;
; Average fan-out                             ; 2.83          ;
+---------------------------------------------+---------------+


+------------------------------------------------------------------------------------------------------------------------------------------------------------------------------------------------------------------------------------------------------------------------------+
; Analysis & Synthesis Resource Utilization by Entity                                                                                                                                                                                                                          ;
+----------------------------------------+-------------------+--------------+-------------+--------------+---------+-----------+------+--------------+----------------------------------------------------------------------------------------------------------+--------------+
; Compilation Hierarchy Node             ; LC Combinationals ; LC Registers ; Memory Bits ; DSP Elements ; DSP 9x9 ; DSP 18x18 ; Pins ; Virtual Pins ; Full Hierarchy Name                                                                                      ; Library Name ;
+----------------------------------------+-------------------+--------------+-------------+--------------+---------+-----------+------+--------------+----------------------------------------------------------------------------------------------------------+--------------+
; |encoder                               ; 1577 (553)        ; 258 (258)    ; 0           ; 8            ; 0       ; 4         ; 9    ; 0            ; |encoder                                                                                                 ; work         ;
;    |lpm_divide:Div0|                   ; 523 (0)           ; 0 (0)        ; 0           ; 0            ; 0       ; 0         ; 0    ; 0            ; |encoder|lpm_divide:Div0                                                                                 ; work         ;
;       |lpm_divide_3jm:auto_generated|  ; 523 (0)           ; 0 (0)        ; 0           ; 0            ; 0       ; 0         ; 0    ; 0            ; |encoder|lpm_divide:Div0|lpm_divide_3jm:auto_generated                                                   ; work         ;
;          |sign_div_unsign_rlh:divider| ; 523 (0)           ; 0 (0)        ; 0           ; 0            ; 0       ; 0         ; 0    ; 0            ; |encoder|lpm_divide:Div0|lpm_divide_3jm:auto_generated|sign_div_unsign_rlh:divider                       ; work         ;
;             |alt_u_div_a7f:divider|    ; 523 (523)         ; 0 (0)        ; 0           ; 0            ; 0       ; 0         ; 0    ; 0            ; |encoder|lpm_divide:Div0|lpm_divide_3jm:auto_generated|sign_div_unsign_rlh:divider|alt_u_div_a7f:divider ; work         ;
;    |lpm_divide:Div1|                   ; 473 (0)           ; 0 (0)        ; 0           ; 0            ; 0       ; 0         ; 0    ; 0            ; |encoder|lpm_divide:Div1                                                                                 ; work         ;
;       |lpm_divide_3jm:auto_generated|  ; 473 (0)           ; 0 (0)        ; 0           ; 0            ; 0       ; 0         ; 0    ; 0            ; |encoder|lpm_divide:Div1|lpm_divide_3jm:auto_generated                                                   ; work         ;
;          |sign_div_unsign_rlh:divider| ; 473 (0)           ; 0 (0)        ; 0           ; 0            ; 0       ; 0         ; 0    ; 0            ; |encoder|lpm_divide:Div1|lpm_divide_3jm:auto_generated|sign_div_unsign_rlh:divider                       ; work         ;
;             |alt_u_div_a7f:divider|    ; 473 (473)         ; 0 (0)        ; 0           ; 0            ; 0       ; 0         ; 0    ; 0            ; |encoder|lpm_divide:Div1|lpm_divide_3jm:auto_generated|sign_div_unsign_rlh:divider|alt_u_div_a7f:divider ; work         ;
;    |lpm_mult:Mult0|                    ; 14 (0)            ; 0 (0)        ; 0           ; 4            ; 0       ; 2         ; 0    ; 0            ; |encoder|lpm_mult:Mult0                                                                                  ; work         ;
;       |mult_rbt:auto_generated|        ; 14 (14)           ; 0 (0)        ; 0           ; 4            ; 0       ; 2         ; 0    ; 0            ; |encoder|lpm_mult:Mult0|mult_rbt:auto_generated                                                          ; work         ;
;    |lpm_mult:Mult1|                    ; 14 (0)            ; 0 (0)        ; 0           ; 4            ; 0       ; 2         ; 0    ; 0            ; |encoder|lpm_mult:Mult1                                                                                  ; work         ;
;       |mult_rbt:auto_generated|        ; 14 (14)           ; 0 (0)        ; 0           ; 4            ; 0       ; 2         ; 0    ; 0            ; |encoder|lpm_mult:Mult1|mult_rbt:auto_generated                                                          ; work         ;
+----------------------------------------+-------------------+--------------+-------------+--------------+---------+-----------+------+--------------+----------------------------------------------------------------------------------------------------------+--------------+
Note: For table entries with two numbers listed, the numbers in parentheses indicate the number of resources of the given type used by the specific entity alone. The numbers listed outside of parentheses indicate the total resources of the given type used by the specific entity and all of its sub-entities in the hierarchy.


+-----------------------------------------------------+
; Analysis & Synthesis DSP Block Usage Summary        ;
+---------------------------------------+-------------+
; Statistic                             ; Number Used ;
+---------------------------------------+-------------+
; Simple Multipliers (9-bit)            ; 0           ;
; Simple Multipliers (18-bit)           ; 4           ;
; Embedded Multiplier Blocks            ; --          ;
; Embedded Multiplier 9-bit elements    ; 8           ;
; Signed Embedded Multipliers           ; 0           ;
; Unsigned Embedded Multipliers         ; 4           ;
; Mixed Sign Embedded Multipliers       ; 0           ;
; Variable Sign Embedded Multipliers    ; 0           ;
; Dedicated Input Shift Register Chains ; 0           ;
+---------------------------------------+-------------+
Note: number of Embedded Multiplier Blocks used is only available after a successful fit.


Encoding Type:  One-Hot
+----------------------------------+
; State Machine - |encoder|E3_flag ;
+-----------+----------------------+
; Name      ; E3_flag.1            ;
+-----------+----------------------+
; E3_flag.0 ; 0                    ;
; E3_flag.1 ; 1                    ;
+-----------+----------------------+


Encoding Type:  One-Hot
+-----------------------------------------+
; State Machine - |encoder|remaining_flag ;
+------------------+----------------------+
; Name             ; remaining_flag.1     ;
+------------------+----------------------+
; remaining_flag.0 ; 0                    ;
; remaining_flag.1 ; 1                    ;
+------------------+----------------------+


Encoding Type:  One-Hot
+---------------------------------------------------------------+
; State Machine - |encoder|start_flag                           ;
+---------------+---------------+---------------+---------------+
; Name          ; start_flag.00 ; start_flag.10 ; start_flag.01 ;
+---------------+---------------+---------------+---------------+
; start_flag.00 ; 0             ; 0             ; 0             ;
; start_flag.01 ; 1             ; 0             ; 1             ;
; start_flag.10 ; 1             ; 1             ; 0             ;
+---------------+---------------+---------------+---------------+


Encoding Type:  One-Hot
+------------------------------------+
; State Machine - |encoder|stop_flag ;
+-------------+----------------------+
; Name        ; stop_flag.1          ;
+-------------+----------------------+
; stop_flag.0 ; 0                    ;
; stop_flag.1 ; 1                    ;
+-------------+----------------------+


+--------------------------------------------------------------------------------+
; Registers Removed During Synthesis                                             ;
+---------------------------------------+----------------------------------------+
; Register name                         ; Reason for Removal                     ;
+---------------------------------------+----------------------------------------+
; terminate_flag[0]~reg0                ; Stuck at VCC due to stuck port data_in ;
; terminate_flag[1]~reg0                ; Stuck at GND due to stuck port data_in ;
; start_flag.10                         ; Lost fanout                            ;
; start_flag.00                         ; Lost fanout                            ;
; Total Number of Removed Registers = 4 ;                                        ;
+---------------------------------------+----------------------------------------+


+------------------------------------------------------+
; General Register Statistics                          ;
+----------------------------------------------+-------+
; Statistic                                    ; Value ;
+----------------------------------------------+-------+
; Total registers                              ; 258   ;
; Number of registers using Synchronous Clear  ; 0     ;
; Number of registers using Synchronous Load   ; 0     ;
; Number of registers using Asynchronous Clear ; 52    ;
; Number of registers using Asynchronous Load  ; 0     ;
; Number of registers using Clock Enable       ; 46    ;
; Number of registers using Preset             ; 0     ;
+----------------------------------------------+-------+


+---------------------------------------------------+
; Inverted Register Statistics                      ;
+-----------------------------------------+---------+
; Inverted Register                       ; Fan out ;
+-----------------------------------------+---------+
; dec_up[8]                               ; 8       ;
; dec_up[7]                               ; 5       ;
; terminate_counter[3]                    ; 4       ;
; terminate_counter[0]                    ; 10      ;
; dec_up[6]                               ; 2       ;
; dec_up[5]                               ; 2       ;
; dec_up[4]                               ; 2       ;
; dec_up[3]                               ; 2       ;
; dec_up[2]                               ; 2       ;
; dec_up[1]                               ; 2       ;
; dec_up[0]                               ; 3       ;
; Total number of inverted registers = 11 ;         ;
+-----------------------------------------+---------+


+-----------------------------------------------------------------------------------------------------------------------------------------------+
; Multiplexer Restructuring Statistics (Restructuring Performed)                                                                                ;
+--------------------+-----------+---------------+----------------------+------------------------+------------+---------------------------------+
; Multiplexer Inputs ; Bus Width ; Baseline Area ; Area if Restructured ; Saving if Restructured ; Registered ; Example Multiplexer Output      ;
+--------------------+-----------+---------------+----------------------+------------------------+------------+---------------------------------+
; 4:1                ; 3 bits    ; 6 LEs         ; 3 LEs                ; 3 LEs                  ; Yes        ; |encoder|terminate_counter[4]   ;
; 6:1                ; 2 bits    ; 8 LEs         ; 0 LEs                ; 8 LEs                  ; Yes        ; |encoder|terminate_flag[1]~reg0 ;
; 11:1               ; 7 bits    ; 49 LEs        ; 7 LEs                ; 42 LEs                 ; Yes        ; |encoder|E3_count[2]            ;
; 11:1               ; 3 bits    ; 21 LEs        ; 3 LEs                ; 18 LEs                 ; Yes        ; |encoder|dec_low[0]             ;
; 11:1               ; 7 bits    ; 49 LEs        ; 7 LEs                ; 42 LEs                 ; Yes        ; |encoder|dec_low[4]             ;
; 12:1               ; 8 bits    ; 64 LEs        ; 0 LEs                ; 64 LEs                 ; Yes        ; |encoder|code_index[0]          ;
; 4:1                ; 2 bits    ; 4 LEs         ; 2 LEs                ; 2 LEs                  ; Yes        ; |encoder|terminate_counter[0]   ;
; 11:1               ; 7 bits    ; 49 LEs        ; 7 LEs                ; 42 LEs                 ; Yes        ; |encoder|dec_up[7]              ;
; 5:1                ; 2 bits    ; 6 LEs         ; 4 LEs                ; 2 LEs                  ; No         ; |encoder|start_flag             ;
; 5:1                ; 2 bits    ; 6 LEs         ; 2 LEs                ; 4 LEs                  ; No         ; |encoder|stop_flag              ;
+--------------------+-----------+---------------+----------------------+------------------------+------------+---------------------------------+


+-------------------------------------------------------------------------+
; Parameter Settings for User Entity Instance: Top-level Entity: |encoder ;
+----------------+-------+------------------------------------------------+
; Parameter Name ; Value ; Type                                           ;
+----------------+-------+------------------------------------------------+
; N              ; 8     ; Signed Integer                                 ;
; total_bits     ; 96    ; Signed Integer                                 ;
+----------------+-------+------------------------------------------------+
Note: In order to hide this table in the UI and the text report file, please set the "Show Parameter Settings in Synthesis Report" option in "Analysis and Synthesis Settings -> More Settings" to "Off".


+-------------------------------------------------------------------------------------+
; Parameter Settings for Inferred Entity Instance: lpm_mult:Mult0                     ;
+------------------------------------------------+--------------+---------------------+
; Parameter Name                                 ; Value        ; Type                ;
+------------------------------------------------+--------------+---------------------+
; AUTO_CARRY_CHAINS                              ; ON           ; AUTO_CARRY          ;
; IGNORE_CARRY_BUFFERS                           ; OFF          ; IGNORE_CARRY        ;
; AUTO_CASCADE_CHAINS                            ; ON           ; AUTO_CASCADE        ;
; IGNORE_CASCADE_BUFFERS                         ; OFF          ; IGNORE_CASCADE      ;
; LPM_WIDTHA                                     ; 32           ; Untyped             ;
; LPM_WIDTHB                                     ; 7            ; Untyped             ;
; LPM_WIDTHP                                     ; 39           ; Untyped             ;
; LPM_WIDTHR                                     ; 39           ; Untyped             ;
; LPM_WIDTHS                                     ; 1            ; Untyped             ;
; LPM_REPRESENTATION                             ; UNSIGNED     ; Untyped             ;
; LPM_PIPELINE                                   ; 0            ; Untyped             ;
; LATENCY                                        ; 0            ; Untyped             ;
; INPUT_A_IS_CONSTANT                            ; NO           ; Untyped             ;
; INPUT_B_IS_CONSTANT                            ; NO           ; Untyped             ;
; USE_EAB                                        ; OFF          ; Untyped             ;
; MAXIMIZE_SPEED                                 ; 5            ; Untyped             ;
; DEVICE_FAMILY                                  ; Cyclone IV E ; Untyped             ;
; CARRY_CHAIN                                    ; MANUAL       ; Untyped             ;
; APEX20K_TECHNOLOGY_MAPPER                      ; LUT          ; TECH_MAPPER_APEX20K ;
; DEDICATED_MULTIPLIER_CIRCUITRY                 ; AUTO         ; Untyped             ;
; DEDICATED_MULTIPLIER_MIN_INPUT_WIDTH_FOR_AUTO  ; 0            ; Untyped             ;
; DEDICATED_MULTIPLIER_MIN_OUTPUT_WIDTH_FOR_AUTO ; 0            ; Untyped             ;
; CBXI_PARAMETER                                 ; mult_rbt     ; Untyped             ;
; INPUT_A_FIXED_VALUE                            ; Bx           ; Untyped             ;
; INPUT_B_FIXED_VALUE                            ; Bx           ; Untyped             ;
; USE_AHDL_IMPLEMENTATION                        ; OFF          ; Untyped             ;
+------------------------------------------------+--------------+---------------------+
Note: In order to hide this table in the UI and the text report file, please set the "Show Parameter Settings in Synthesis Report" option in "Analysis and Synthesis Settings -> More Settings" to "Off".


+------------------------------------------------------------------+
; Parameter Settings for Inferred Entity Instance: lpm_divide:Div0 ;
+------------------------+----------------+------------------------+
; Parameter Name         ; Value          ; Type                   ;
+------------------------+----------------+------------------------+
; LPM_WIDTHN             ; 32             ; Untyped                ;
; LPM_WIDTHD             ; 7              ; Untyped                ;
; LPM_NREPRESENTATION    ; UNSIGNED       ; Untyped                ;
; LPM_DREPRESENTATION    ; UNSIGNED       ; Untyped                ;
; LPM_PIPELINE           ; 0              ; Untyped                ;
; LPM_REMAINDERPOSITIVE  ; TRUE           ; Untyped                ;
; MAXIMIZE_SPEED         ; 5              ; Untyped                ;
; CBXI_PARAMETER         ; lpm_divide_3jm ; Untyped                ;
; CARRY_CHAIN            ; MANUAL         ; Untyped                ;
; OPTIMIZE_FOR_SPEED     ; 5              ; Untyped                ;
; AUTO_CARRY_CHAINS      ; ON             ; AUTO_CARRY             ;
; IGNORE_CARRY_BUFFERS   ; OFF            ; IGNORE_CARRY           ;
; AUTO_CASCADE_CHAINS    ; ON             ; AUTO_CASCADE           ;
; IGNORE_CASCADE_BUFFERS ; OFF            ; IGNORE_CASCADE         ;
+------------------------+----------------+------------------------+
Note: In order to hide this table in the UI and the text report file, please set the "Show Parameter Settings in Synthesis Report" option in "Analysis and Synthesis Settings -> More Settings" to "Off".


+-------------------------------------------------------------------------------------+
; Parameter Settings for Inferred Entity Instance: lpm_mult:Mult1                     ;
+------------------------------------------------+--------------+---------------------+
; Parameter Name                                 ; Value        ; Type                ;
+------------------------------------------------+--------------+---------------------+
; AUTO_CARRY_CHAINS                              ; ON           ; AUTO_CARRY          ;
; IGNORE_CARRY_BUFFERS                           ; OFF          ; IGNORE_CARRY        ;
; AUTO_CASCADE_CHAINS                            ; ON           ; AUTO_CASCADE        ;
; IGNORE_CASCADE_BUFFERS                         ; OFF          ; IGNORE_CASCADE      ;
; LPM_WIDTHA                                     ; 32           ; Untyped             ;
; LPM_WIDTHB                                     ; 7            ; Untyped             ;
; LPM_WIDTHP                                     ; 39           ; Untyped             ;
; LPM_WIDTHR                                     ; 39           ; Untyped             ;
; LPM_WIDTHS                                     ; 1            ; Untyped             ;
; LPM_REPRESENTATION                             ; UNSIGNED     ; Untyped             ;
; LPM_PIPELINE                                   ; 0            ; Untyped             ;
; LATENCY                                        ; 0            ; Untyped             ;
; INPUT_A_IS_CONSTANT                            ; NO           ; Untyped             ;
; INPUT_B_IS_CONSTANT                            ; NO           ; Untyped             ;
; USE_EAB                                        ; OFF          ; Untyped             ;
; MAXIMIZE_SPEED                                 ; 5            ; Untyped             ;
; DEVICE_FAMILY                                  ; Cyclone IV E ; Untyped             ;
; CARRY_CHAIN                                    ; MANUAL       ; Untyped             ;
; APEX20K_TECHNOLOGY_MAPPER                      ; LUT          ; TECH_MAPPER_APEX20K ;
; DEDICATED_MULTIPLIER_CIRCUITRY                 ; AUTO         ; Untyped             ;
; DEDICATED_MULTIPLIER_MIN_INPUT_WIDTH_FOR_AUTO  ; 0            ; Untyped             ;
; DEDICATED_MULTIPLIER_MIN_OUTPUT_WIDTH_FOR_AUTO ; 0            ; Untyped             ;
; CBXI_PARAMETER                                 ; mult_rbt     ; Untyped             ;
; INPUT_A_FIXED_VALUE                            ; Bx           ; Untyped             ;
; INPUT_B_FIXED_VALUE                            ; Bx           ; Untyped             ;
; USE_AHDL_IMPLEMENTATION                        ; OFF          ; Untyped             ;
+------------------------------------------------+--------------+---------------------+
Note: In order to hide this table in the UI and the text report file, please set the "Show Parameter Settings in Synthesis Report" option in "Analysis and Synthesis Settings -> More Settings" to "Off".


+------------------------------------------------------------------+
; Parameter Settings for Inferred Entity Instance: lpm_divide:Div1 ;
+------------------------+----------------+------------------------+
; Parameter Name         ; Value          ; Type                   ;
+------------------------+----------------+------------------------+
; LPM_WIDTHN             ; 32             ; Untyped                ;
; LPM_WIDTHD             ; 7              ; Untyped                ;
; LPM_NREPRESENTATION    ; UNSIGNED       ; Untyped                ;
; LPM_DREPRESENTATION    ; UNSIGNED       ; Untyped                ;
; LPM_PIPELINE           ; 0              ; Untyped                ;
; LPM_REMAINDERPOSITIVE  ; TRUE           ; Untyped                ;
; MAXIMIZE_SPEED         ; 5              ; Untyped                ;
; CBXI_PARAMETER         ; lpm_divide_3jm ; Untyped                ;
; CARRY_CHAIN            ; MANUAL         ; Untyped                ;
; OPTIMIZE_FOR_SPEED     ; 5              ; Untyped                ;
; AUTO_CARRY_CHAINS      ; ON             ; AUTO_CARRY             ;
; IGNORE_CARRY_BUFFERS   ; OFF            ; IGNORE_CARRY           ;
; AUTO_CASCADE_CHAINS    ; ON             ; AUTO_CASCADE           ;
; IGNORE_CASCADE_BUFFERS ; OFF            ; IGNORE_CASCADE         ;
+------------------------+----------------+------------------------+
Note: In order to hide this table in the UI and the text report file, please set the "Show Parameter Settings in Synthesis Report" option in "Analysis and Synthesis Settings -> More Settings" to "Off".


+--------------------------------------------------------+
; lpm_mult Parameter Settings by Entity Instance         ;
+---------------------------------------+----------------+
; Name                                  ; Value          ;
+---------------------------------------+----------------+
; Number of entity instances            ; 2              ;
; Entity Instance                       ; lpm_mult:Mult0 ;
;     -- LPM_WIDTHA                     ; 32             ;
;     -- LPM_WIDTHB                     ; 7              ;
;     -- LPM_WIDTHP                     ; 39             ;
;     -- LPM_REPRESENTATION             ; UNSIGNED       ;
;     -- INPUT_A_IS_CONSTANT            ; NO             ;
;     -- INPUT_B_IS_CONSTANT            ; NO             ;
;     -- USE_EAB                        ; OFF            ;
;     -- DEDICATED_MULTIPLIER_CIRCUITRY ; AUTO           ;
;     -- INPUT_A_FIXED_VALUE            ; Bx             ;
;     -- INPUT_B_FIXED_VALUE            ; Bx             ;
; Entity Instance                       ; lpm_mult:Mult1 ;
;     -- LPM_WIDTHA                     ; 32             ;
;     -- LPM_WIDTHB                     ; 7              ;
;     -- LPM_WIDTHP                     ; 39             ;
;     -- LPM_REPRESENTATION             ; UNSIGNED       ;
;     -- INPUT_A_IS_CONSTANT            ; NO             ;
;     -- INPUT_B_IS_CONSTANT            ; NO             ;
;     -- USE_EAB                        ; OFF            ;
;     -- DEDICATED_MULTIPLIER_CIRCUITRY ; AUTO           ;
;     -- INPUT_A_FIXED_VALUE            ; Bx             ;
;     -- INPUT_B_FIXED_VALUE            ; Bx             ;
+---------------------------------------+----------------+


+-------------------------------+
; Elapsed Time Per Partition    ;
+----------------+--------------+
; Partition Name ; Elapsed Time ;
+----------------+--------------+
; Top            ; 00:00:05     ;
+----------------+--------------+


+-------------------------------+
; Analysis & Synthesis Messages ;
+-------------------------------+
Info: *******************************************************************
Info: Running Quartus II 64-Bit Analysis & Synthesis
    Info: Version 13.0.1 Build 232 06/12/2013 Service Pack 1 SJ Full Version
    Info: Processing started: Sun Aug 21 23:35:04 2022
Info: Command: quartus_map --read_settings_files=on --write_settings_files=off arithmetic_coding -c arithmetic_coding
Info (11104): Parallel Compilation has detected 16 hyper-threaded processors. However, the extra hyper-threaded processors will not be used by default. Parallel Compilation will use 8 of the 8 physical processors detected instead.
Info (12021): Found 1 design units, including 1 entities, in source file /users/shilei wang/desktop/fyp/fpga/arithmetic_coding/rtl/encoder.v
    Info (12023): Found entity 1: encoder
Info (12021): Found 1 design units, including 1 entities, in source file /users/shilei wang/desktop/fyp/fpga/arithmetic_coding/rtl/symbol_to_binary.v
    Info (12023): Found entity 1: symbol_to_binary
Info (12127): Elaborating entity "encoder" for the top level hierarchy
Warning (10230): Verilog HDL assignment warning at encoder.v(94): truncated value with size 32 to match size of target (8)
Warning (10230): Verilog HDL assignment warning at encoder.v(103): truncated value with size 32 to match size of target (10)
Warning (10230): Verilog HDL assignment warning at encoder.v(106): truncated value with size 32 to match size of target (10)
Warning (10230): Verilog HDL assignment warning at encoder.v(129): truncated value with size 32 to match size of target (8)
Warning (10230): Verilog HDL assignment warning at encoder.v(137): truncated value with size 32 to match size of target (10)
Warning (10230): Verilog HDL assignment warning at encoder.v(147): truncated value with size 32 to match size of target (7)
Warning (10230): Verilog HDL assignment warning at encoder.v(152): truncated value with size 32 to match size of target (8)
Warning (10230): Verilog HDL assignment warning at encoder.v(159): truncated value with size 32 to match size of target (10)
Warning (10230): Verilog HDL assignment warning at encoder.v(171): truncated value with size 32 to match size of target (10)
Warning (10230): Verilog HDL assignment warning at encoder.v(174): truncated value with size 32 to match size of target (7)
Warning (10230): Verilog HDL assignment warning at encoder.v(210): truncated value with size 32 to match size of target (5)
Warning (10230): Verilog HDL assignment warning at encoder.v(211): truncated value with size 32 to match size of target (8)
Warning (10230): Verilog HDL assignment warning at encoder.v(219): truncated value with size 32 to match size of target (5)
Warning (10230): Verilog HDL assignment warning at encoder.v(224): truncated value with size 32 to match size of target (8)
Warning (10230): Verilog HDL assignment warning at encoder.v(235): truncated value with size 32 to match size of target (7)
Warning (10230): Verilog HDL assignment warning at encoder.v(239): truncated value with size 32 to match size of target (8)
Warning (10230): Verilog HDL assignment warning at encoder.v(251): truncated value with size 32 to match size of target (8)
Warning (10230): Verilog HDL assignment warning at encoder.v(280): truncated value with size 32 to match size of target (8)
Info (10041): Inferred latch for "cumulative_counts[0][0]" at encoder.v(44)
Info (10041): Inferred latch for "cumulative_counts[0][1]" at encoder.v(44)
Info (10041): Inferred latch for "cumulative_counts[0][2]" at encoder.v(44)
Info (10041): Inferred latch for "cumulative_counts[0][3]" at encoder.v(44)
Info (10041): Inferred latch for "cumulative_counts[0][4]" at encoder.v(44)
Info (10041): Inferred latch for "cumulative_counts[0][5]" at encoder.v(44)
Info (10041): Inferred latch for "cumulative_counts[0][6]" at encoder.v(44)
Info (10041): Inferred latch for "cumulative_counts[0][7]" at encoder.v(44)
Info (10041): Inferred latch for "cumulative_counts[1][0]" at encoder.v(44)
Info (10041): Inferred latch for "cumulative_counts[1][1]" at encoder.v(44)
Info (10041): Inferred latch for "cumulative_counts[1][2]" at encoder.v(44)
Info (10041): Inferred latch for "cumulative_counts[1][3]" at encoder.v(44)
Info (10041): Inferred latch for "cumulative_counts[1][4]" at encoder.v(44)
Info (10041): Inferred latch for "cumulative_counts[1][5]" at encoder.v(44)
Info (10041): Inferred latch for "cumulative_counts[1][6]" at encoder.v(44)
Info (10041): Inferred latch for "cumulative_counts[1][7]" at encoder.v(44)
Info (10041): Inferred latch for "cumulative_counts[2][0]" at encoder.v(44)
Info (10041): Inferred latch for "cumulative_counts[2][1]" at encoder.v(44)
Info (10041): Inferred latch for "cumulative_counts[2][2]" at encoder.v(44)
Info (10041): Inferred latch for "cumulative_counts[2][3]" at encoder.v(44)
Info (10041): Inferred latch for "cumulative_counts[2][4]" at encoder.v(44)
Info (10041): Inferred latch for "cumulative_counts[2][5]" at encoder.v(44)
Info (10041): Inferred latch for "cumulative_counts[2][6]" at encoder.v(44)
Info (10041): Inferred latch for "cumulative_counts[2][7]" at encoder.v(44)
Info (10041): Inferred latch for "cumulative_counts[3][0]" at encoder.v(44)
Info (10041): Inferred latch for "cumulative_counts[3][1]" at encoder.v(44)
Info (10041): Inferred latch for "cumulative_counts[3][2]" at encoder.v(44)
Info (10041): Inferred latch for "cumulative_counts[3][3]" at encoder.v(44)
Info (10041): Inferred latch for "cumulative_counts[3][4]" at encoder.v(44)
Info (10041): Inferred latch for "cumulative_counts[3][5]" at encoder.v(44)
Info (10041): Inferred latch for "cumulative_counts[3][6]" at encoder.v(44)
Info (10041): Inferred latch for "cumulative_counts[3][7]" at encoder.v(44)
Info (10041): Inferred latch for "cumulative_counts[4][0]" at encoder.v(44)
Info (10041): Inferred latch for "cumulative_counts[4][1]" at encoder.v(44)
Info (10041): Inferred latch for "cumulative_counts[4][2]" at encoder.v(44)
Info (10041): Inferred latch for "cumulative_counts[4][3]" at encoder.v(44)
Info (10041): Inferred latch for "cumulative_counts[4][4]" at encoder.v(44)
Info (10041): Inferred latch for "cumulative_counts[4][5]" at encoder.v(44)
Info (10041): Inferred latch for "cumulative_counts[4][6]" at encoder.v(44)
Info (10041): Inferred latch for "cumulative_counts[4][7]" at encoder.v(44)
Info (10041): Inferred latch for "cumulative_counts[5][0]" at encoder.v(44)
Info (10041): Inferred latch for "cumulative_counts[5][1]" at encoder.v(44)
Info (10041): Inferred latch for "cumulative_counts[5][2]" at encoder.v(44)
Info (10041): Inferred latch for "cumulative_counts[5][3]" at encoder.v(44)
Info (10041): Inferred latch for "cumulative_counts[5][4]" at encoder.v(44)
Info (10041): Inferred latch for "cumulative_counts[5][5]" at encoder.v(44)
Info (10041): Inferred latch for "cumulative_counts[5][6]" at encoder.v(44)
Info (10041): Inferred latch for "cumulative_counts[5][7]" at encoder.v(44)
Info (278001): Inferred 4 megafunctions from design logic
    Info (278003): Inferred multiplier megafunction ("lpm_mult") from the following logic: "Mult0"
    Info (278004): Inferred divider/modulo megafunction ("lpm_divide") from the following logic: "Div0"
    Info (278003): Inferred multiplier megafunction ("lpm_mult") from the following logic: "Mult1"
    Info (278004): Inferred divider/modulo megafunction ("lpm_divide") from the following logic: "Div1"
Info (12130): Elaborated megafunction instantiation "lpm_mult:Mult0"
Info (12133): Instantiated megafunction "lpm_mult:Mult0" with the following parameter:
    Info (12134): Parameter "LPM_WIDTHA" = "32"
    Info (12134): Parameter "LPM_WIDTHB" = "7"
    Info (12134): Parameter "LPM_WIDTHP" = "39"
    Info (12134): Parameter "LPM_WIDTHR" = "39"
    Info (12134): Parameter "LPM_WIDTHS" = "1"
    Info (12134): Parameter "LPM_REPRESENTATION" = "UNSIGNED"
    Info (12134): Parameter "INPUT_A_IS_CONSTANT" = "NO"
    Info (12134): Parameter "INPUT_B_IS_CONSTANT" = "NO"
    Info (12134): Parameter "MAXIMIZE_SPEED" = "5"
Info (12021): Found 1 design units, including 1 entities, in source file db/mult_rbt.tdf
    Info (12023): Found entity 1: mult_rbt
Info (12130): Elaborated megafunction instantiation "lpm_divide:Div0"
Info (12133): Instantiated megafunction "lpm_divide:Div0" with the following parameter:
    Info (12134): Parameter "LPM_WIDTHN" = "32"
    Info (12134): Parameter "LPM_WIDTHD" = "7"
    Info (12134): Parameter "LPM_NREPRESENTATION" = "UNSIGNED"
    Info (12134): Parameter "LPM_DREPRESENTATION" = "UNSIGNED"
Info (12021): Found 1 design units, including 1 entities, in source file db/lpm_divide_3jm.tdf
    Info (12023): Found entity 1: lpm_divide_3jm
Info (12021): Found 1 design units, including 1 entities, in source file db/sign_div_unsign_rlh.tdf
    Info (12023): Found entity 1: sign_div_unsign_rlh
Info (12021): Found 1 design units, including 1 entities, in source file db/alt_u_div_a7f.tdf
    Info (12023): Found entity 1: alt_u_div_a7f
Info (12021): Found 1 design units, including 1 entities, in source file db/add_sub_7pc.tdf
    Info (12023): Found entity 1: add_sub_7pc
Info (12021): Found 1 design units, including 1 entities, in source file db/add_sub_8pc.tdf
    Info (12023): Found entity 1: add_sub_8pc
Info (13014): Ignored 70 buffer(s)
    Info (13019): Ignored 70 SOFT buffer(s)
Info (13000): Registers with preset signals will power-up high
Info (13003): DEV_CLRn pin will set, and not reset, register with preset signal due to NOT Gate Push-Back
Warning (13024): Output pins are stuck at VCC or GND
    Warning (13410): Pin "terminate_flag[0]" is stuck at VCC
    Warning (13410): Pin "terminate_flag[1]" is stuck at GND
Info (286030): Timing-Driven Synthesis is running
Info (17049): 2 registers lost all their fanouts during netlist optimizations.
Info (16010): Generating hard_block partition "hard_block:auto_generated_inst"
    Info (16011): Adding 0 node(s), including 0 DDIO, 0 PLL, 0 transceiver and 0 LCELL
Info (21057): Implemented 1594 device resources after synthesis - the final resource count might be different
    Info (21058): Implemented 5 input pins
    Info (21059): Implemented 4 output pins
    Info (21061): Implemented 1577 logic cells
    Info (21062): Implemented 8 DSP elements
Info: Quartus II 64-Bit Analysis & Synthesis was successful. 0 errors, 21 warnings
    Info: Peak virtual memory: 4660 megabytes
    Info: Processing ended: Sun Aug 21 23:35:11 2022
    Info: Elapsed time: 00:00:07
    Info: Total CPU time (on all processors): 00:00:07


