Analysis & Synthesis report for LNN
Sun Aug 21 23:44:30 2022
Quartus II 64-Bit Version 13.0.1 Build 232 06/12/2013 Service Pack 1 SJ Full Version


---------------------
; Table of Contents ;
---------------------
  1. Legal Notice
  2. Analysis & Synthesis Summary
  3. Analysis & Synthesis Settings
  4. Parallel Compilation
  5. Analysis & Synthesis Source Files Read
  6. Analysis & Synthesis Resource Usage Summary
  7. Analysis & Synthesis Resource Utilization by Entity
  8. State Machine - |LNN|output_flag
  9. State Machine - |LNN|current_state
 10. Registers Removed During Synthesis
 11. General Register Statistics
 12. Parameter Settings for User Entity Instance: Top-level Entity: |LNN
 13. Parameter Settings for Inferred Entity Instance: lpm_divide:Div0
 14. Parameter Settings for Inferred Entity Instance: lpm_mult:Mult2
 15. Parameter Settings for Inferred Entity Instance: lpm_mult:Mult0
 16. Parameter Settings for Inferred Entity Instance: lpm_mult:Mult1
 17. lpm_mult Parameter Settings by Entity Instance
 18. Elapsed Time Per Partition
 19. Analysis & Synthesis Messages



----------------
; Legal Notice ;
----------------
Copyright (C) 1991-2013 Altera Corporation
Your use of Altera Corporation's design tools, logic functions 
and other software and tools, and its AMPP partner logic 
functions, and any output files from any of the foregoing 
(including device programming or simulation files), and any 
associated documentation or information are expressly subject 
to the terms and conditions of the Altera Program License 
Subscription Agreement, Altera MegaCore Function License 
Agreement, or other applicable license agreement, including, 
without limitation, that your use is for the sole purpose of 
programming logic devices manufactured by Altera and sold by 
Altera or its authorized distributors.  Please refer to the 
applicable agreement for further details.



+---------------------------------------------------------------------------------------+
; Analysis & Synthesis Summary                                                          ;
+------------------------------------+--------------------------------------------------+
; Analysis & Synthesis Status        ; Successful - Sun Aug 21 23:44:30 2022            ;
; Quartus II 64-Bit Version          ; 13.0.1 Build 232 06/12/2013 SP 1 SJ Full Version ;
; Revision Name                      ; LNN                                              ;
; Top-level Entity Name              ; LNN                                              ;
; Family                             ; Cyclone IV E                                     ;
; Total logic elements               ; 3,143                                            ;
;     Total combinational functions  ; 2,377                                            ;
;     Dedicated logic registers      ; 1,569                                            ;
; Total registers                    ; 1569                                             ;
; Total pins                         ; 12                                               ;
; Total virtual pins                 ; 0                                                ;
; Total memory bits                  ; 0                                                ;
; Embedded Multiplier 9-bit elements ; 0                                                ;
; Total PLLs                         ; 0                                                ;
+------------------------------------+--------------------------------------------------+


+----------------------------------------------------------------------------------------------------------------------+
; Analysis & Synthesis Settings                                                                                        ;
+----------------------------------------------------------------------------+--------------------+--------------------+
; Option                                                                     ; Setting            ; Default Value      ;
+----------------------------------------------------------------------------+--------------------+--------------------+
; Device                                                                     ; EP4CE10F17C8       ;                    ;
; Top-level entity name                                                      ; LNN                ; LNN                ;
; Family name                                                                ; Cyclone IV E       ; Cyclone IV GX      ;
; Use smart compilation                                                      ; Off                ; Off                ;
; Enable parallel Assembler and TimeQuest Timing Analyzer during compilation ; On                 ; On                 ;
; Enable compact report table                                                ; Off                ; Off                ;
; Restructure Multiplexers                                                   ; Auto               ; Auto               ;
; Create Debugging Nodes for IP Cores                                        ; Off                ; Off                ;
; Preserve fewer node names                                                  ; On                 ; On                 ;
; Disable OpenCore Plus hardware evaluation                                  ; Off                ; Off                ;
; Verilog Version                                                            ; Verilog_2001       ; Verilog_2001       ;
; VHDL Version                                                               ; VHDL_1993          ; VHDL_1993          ;
; State Machine Processing                                                   ; Auto               ; Auto               ;
; Safe State Machine                                                         ; Off                ; Off                ;
; Extract Verilog State Machines                                             ; On                 ; On                 ;
; Extract VHDL State Machines                                                ; On                 ; On                 ;
; Ignore Verilog initial constructs                                          ; Off                ; Off                ;
; Iteration limit for constant Verilog loops                                 ; 5000               ; 5000               ;
; Iteration limit for non-constant Verilog loops                             ; 250                ; 250                ;
; Add Pass-Through Logic to Inferred RAMs                                    ; On                 ; On                 ;
; Infer RAMs from Raw Logic                                                  ; On                 ; On                 ;
; Parallel Synthesis                                                         ; On                 ; On                 ;
; DSP Block Balancing                                                        ; Auto               ; Auto               ;
; NOT Gate Push-Back                                                         ; On                 ; On                 ;
; Power-Up Don't Care                                                        ; On                 ; On                 ;
; Remove Redundant Logic Cells                                               ; Off                ; Off                ;
; Remove Duplicate Registers                                                 ; On                 ; On                 ;
; Ignore CARRY Buffers                                                       ; Off                ; Off                ;
; Ignore CASCADE Buffers                                                     ; Off                ; Off                ;
; Ignore GLOBAL Buffers                                                      ; Off                ; Off                ;
; Ignore ROW GLOBAL Buffers                                                  ; Off                ; Off                ;
; Ignore LCELL Buffers                                                       ; Off                ; Off                ;
; Ignore SOFT Buffers                                                        ; On                 ; On                 ;
; Limit AHDL Integers to 32 Bits                                             ; Off                ; Off                ;
; Optimization Technique                                                     ; Balanced           ; Balanced           ;
; Carry Chain Length                                                         ; 70                 ; 70                 ;
; Auto Carry Chains                                                          ; On                 ; On                 ;
; Auto Open-Drain Pins                                                       ; On                 ; On                 ;
; Perform WYSIWYG Primitive Resynthesis                                      ; Off                ; Off                ;
; Auto ROM Replacement                                                       ; On                 ; On                 ;
; Auto RAM Replacement                                                       ; On                 ; On                 ;
; Auto DSP Block Replacement                                                 ; On                 ; On                 ;
; Auto Shift Register Replacement                                            ; Auto               ; Auto               ;
; Allow Shift Register Merging across Hierarchies                            ; Auto               ; Auto               ;
; Auto Clock Enable Replacement                                              ; On                 ; On                 ;
; Strict RAM Replacement                                                     ; Off                ; Off                ;
; Allow Synchronous Control Signals                                          ; On                 ; On                 ;
; Force Use of Synchronous Clear Signals                                     ; Off                ; Off                ;
; Auto RAM Block Balancing                                                   ; On                 ; On                 ;
; Auto RAM to Logic Cell Conversion                                          ; Off                ; Off                ;
; Auto Resource Sharing                                                      ; Off                ; Off                ;
; Allow Any RAM Size For Recognition                                         ; Off                ; Off                ;
; Allow Any ROM Size For Recognition                                         ; Off                ; Off                ;
; Allow Any Shift Register Size For Recognition                              ; Off                ; Off                ;
; Use LogicLock Constraints during Resource Balancing                        ; On                 ; On                 ;
; Ignore translate_off and synthesis_off directives                          ; Off                ; Off                ;
; Timing-Driven Synthesis                                                    ; On                 ; On                 ;
; Report Parameter Settings                                                  ; On                 ; On                 ;
; Report Source Assignments                                                  ; On                 ; On                 ;
; Report Connectivity Checks                                                 ; On                 ; On                 ;
; Ignore Maximum Fan-Out Assignments                                         ; Off                ; Off                ;
; Synchronization Register Chain Length                                      ; 2                  ; 2                  ;
; PowerPlay Power Optimization                                               ; Normal compilation ; Normal compilation ;
; HDL message level                                                          ; Level2             ; Level2             ;
; Suppress Register Optimization Related Messages                            ; Off                ; Off                ;
; Number of Removed Registers Reported in Synthesis Report                   ; 5000               ; 5000               ;
; Number of Swept Nodes Reported in Synthesis Report                         ; 5000               ; 5000               ;
; Number of Inverted Registers Reported in Synthesis Report                  ; 100                ; 100                ;
; Clock MUX Protection                                                       ; On                 ; On                 ;
; Auto Gated Clock Conversion                                                ; Off                ; Off                ;
; Block Design Naming                                                        ; Auto               ; Auto               ;
; SDC constraint protection                                                  ; Off                ; Off                ;
; Synthesis Effort                                                           ; Auto               ; Auto               ;
; Shift Register Replacement - Allow Asynchronous Clear Signal               ; On                 ; On                 ;
; Pre-Mapping Resynthesis Optimization                                       ; Off                ; Off                ;
; Analysis & Synthesis Message Level                                         ; Medium             ; Medium             ;
; Disable Register Merging Across Hierarchies                                ; Auto               ; Auto               ;
; Resource Aware Inference For Block RAM                                     ; On                 ; On                 ;
; Synthesis Seed                                                             ; 1                  ; 1                  ;
+----------------------------------------------------------------------------+--------------------+--------------------+


+------------------------------------------+
; Parallel Compilation                     ;
+----------------------------+-------------+
; Processors                 ; Number      ;
+----------------------------+-------------+
; Number detected on machine ; 16          ;
; Maximum allowed            ; 8           ;
;                            ;             ;
; Average used               ; 1.00        ;
; Maximum used               ; 8           ;
;                            ;             ;
; Usage by Processor         ; % Time Used ;
;     Processor 1            ; 100.0%      ;
;     Processors 2-8         ; < 0.1%      ;
;     Processors 9-16        ;   0.0%      ;
+----------------------------+-------------+


+--------------------------------------------------------------------------------------------------------------------------------------------------------------------------------------------------+
; Analysis & Synthesis Source Files Read                                                                                                                                                           ;
+----------------------------------+-----------------+------------------------------+----------------------------------------------------------------------------------------------------+---------+
; File Name with User-Entered Path ; Used in Netlist ; File Type                    ; File Name with Absolute Path                                                                       ; Library ;
+----------------------------------+-----------------+------------------------------+----------------------------------------------------------------------------------------------------+---------+
; ../RTL/LNN.v                     ; yes             ; User Verilog HDL File        ; C:/Users/SHILEI WANG/Desktop/FYP/FPGA/Linear neural network/RTL/LNN.v                              ;         ;
; ../RTL/Rom.v                     ; yes             ; User Verilog HDL File        ; C:/Users/SHILEI WANG/Desktop/FYP/FPGA/Linear neural network/RTL/Rom.v                              ;         ;
; lpm_divide.tdf                   ; yes             ; Megafunction                 ; d:/quartus ii/quartus/libraries/megafunctions/lpm_divide.tdf                                       ;         ;
; abs_divider.inc                  ; yes             ; Megafunction                 ; d:/quartus ii/quartus/libraries/megafunctions/abs_divider.inc                                      ;         ;
; sign_div_unsign.inc              ; yes             ; Megafunction                 ; d:/quartus ii/quartus/libraries/megafunctions/sign_div_unsign.inc                                  ;         ;
; aglobal130.inc                   ; yes             ; Megafunction                 ; d:/quartus ii/quartus/libraries/megafunctions/aglobal130.inc                                       ;         ;
; db/lpm_divide_khm.tdf            ; yes             ; Auto-Generated Megafunction  ; C:/Users/SHILEI WANG/Desktop/FYP/FPGA/Linear neural network/LNN_project/db/lpm_divide_khm.tdf      ;         ;
; db/sign_div_unsign_ckh.tdf       ; yes             ; Auto-Generated Megafunction  ; C:/Users/SHILEI WANG/Desktop/FYP/FPGA/Linear neural network/LNN_project/db/sign_div_unsign_ckh.tdf ;         ;
; db/alt_u_div_c4f.tdf             ; yes             ; Auto-Generated Megafunction  ; C:/Users/SHILEI WANG/Desktop/FYP/FPGA/Linear neural network/LNN_project/db/alt_u_div_c4f.tdf       ;         ;
; db/add_sub_7pc.tdf               ; yes             ; Auto-Generated Megafunction  ; C:/Users/SHILEI WANG/Desktop/FYP/FPGA/Linear neural network/LNN_project/db/add_sub_7pc.tdf         ;         ;
; db/add_sub_8pc.tdf               ; yes             ; Auto-Generated Megafunction  ; C:/Users/SHILEI WANG/Desktop/FYP/FPGA/Linear neural network/LNN_project/db/add_sub_8pc.tdf         ;         ;
; lpm_mult.tdf                     ; yes             ; Megafunction                 ; d:/quartus ii/quartus/libraries/megafunctions/lpm_mult.tdf                                         ;         ;
; lpm_add_sub.inc                  ; yes             ; Megafunction                 ; d:/quartus ii/quartus/libraries/megafunctions/lpm_add_sub.inc                                      ;         ;
; multcore.inc                     ; yes             ; Megafunction                 ; d:/quartus ii/quartus/libraries/megafunctions/multcore.inc                                         ;         ;
; bypassff.inc                     ; yes             ; Megafunction                 ; d:/quartus ii/quartus/libraries/megafunctions/bypassff.inc                                         ;         ;
; altshift.inc                     ; yes             ; Megafunction                 ; d:/quartus ii/quartus/libraries/megafunctions/altshift.inc                                         ;         ;
; multcore.tdf                     ; yes             ; Megafunction                 ; d:/quartus ii/quartus/libraries/megafunctions/multcore.tdf                                         ;         ;
; csa_add.inc                      ; yes             ; Megafunction                 ; d:/quartus ii/quartus/libraries/megafunctions/csa_add.inc                                          ;         ;
; mpar_add.inc                     ; yes             ; Megafunction                 ; d:/quartus ii/quartus/libraries/megafunctions/mpar_add.inc                                         ;         ;
; muleabz.inc                      ; yes             ; Megafunction                 ; d:/quartus ii/quartus/libraries/megafunctions/muleabz.inc                                          ;         ;
; mul_lfrg.inc                     ; yes             ; Megafunction                 ; d:/quartus ii/quartus/libraries/megafunctions/mul_lfrg.inc                                         ;         ;
; mul_boothc.inc                   ; yes             ; Megafunction                 ; d:/quartus ii/quartus/libraries/megafunctions/mul_boothc.inc                                       ;         ;
; alt_ded_mult.inc                 ; yes             ; Megafunction                 ; d:/quartus ii/quartus/libraries/megafunctions/alt_ded_mult.inc                                     ;         ;
; alt_ded_mult_y.inc               ; yes             ; Megafunction                 ; d:/quartus ii/quartus/libraries/megafunctions/alt_ded_mult_y.inc                                   ;         ;
; dffpipe.inc                      ; yes             ; Megafunction                 ; d:/quartus ii/quartus/libraries/megafunctions/dffpipe.inc                                          ;         ;
; mpar_add.tdf                     ; yes             ; Megafunction                 ; d:/quartus ii/quartus/libraries/megafunctions/mpar_add.tdf                                         ;         ;
; lpm_add_sub.tdf                  ; yes             ; Megafunction                 ; d:/quartus ii/quartus/libraries/megafunctions/lpm_add_sub.tdf                                      ;         ;
; addcore.inc                      ; yes             ; Megafunction                 ; d:/quartus ii/quartus/libraries/megafunctions/addcore.inc                                          ;         ;
; look_add.inc                     ; yes             ; Megafunction                 ; d:/quartus ii/quartus/libraries/megafunctions/look_add.inc                                         ;         ;
; alt_stratix_add_sub.inc          ; yes             ; Megafunction                 ; d:/quartus ii/quartus/libraries/megafunctions/alt_stratix_add_sub.inc                              ;         ;
; db/add_sub_jbh.tdf               ; yes             ; Auto-Generated Megafunction  ; C:/Users/SHILEI WANG/Desktop/FYP/FPGA/Linear neural network/LNN_project/db/add_sub_jbh.tdf         ;         ;
; altshift.tdf                     ; yes             ; Megafunction                 ; d:/quartus ii/quartus/libraries/megafunctions/altshift.tdf                                         ;         ;
+----------------------------------+-----------------+------------------------------+----------------------------------------------------------------------------------------------------+---------+


+-------------------------------------------------------------+
; Analysis & Synthesis Resource Usage Summary                 ;
+---------------------------------------------+---------------+
; Resource                                    ; Usage         ;
+---------------------------------------------+---------------+
; Estimated Total logic elements              ; 3,143         ;
;                                             ;               ;
; Total combinational functions               ; 2377          ;
; Logic element usage by number of LUT inputs ;               ;
;     -- 4 input functions                    ; 1370          ;
;     -- 3 input functions                    ; 929           ;
;     -- <=2 input functions                  ; 78            ;
;                                             ;               ;
; Logic elements by mode                      ;               ;
;     -- normal mode                          ; 2308          ;
;     -- arithmetic mode                      ; 69            ;
;                                             ;               ;
; Total registers                             ; 1569          ;
;     -- Dedicated logic registers            ; 1569          ;
;     -- I/O registers                        ; 0             ;
;                                             ;               ;
; I/O pins                                    ; 12            ;
; Embedded Multiplier 9-bit elements          ; 0             ;
; Maximum fan-out node                        ; sys_clk~input ;
; Maximum fan-out                             ; 1569          ;
; Total fan-out                               ; 13135         ;
; Average fan-out                             ; 3.31          ;
+---------------------------------------------+---------------+


+---------------------------------------------------------------------------------------------------------------------------------------------------------------------------------------------------------------------------------------------------------------------------------+
; Analysis & Synthesis Resource Utilization by Entity                                                                                                                                                                                                                             ;
+---------------------------------------------+-------------------+--------------+-------------+--------------+---------+-----------+------+--------------+--------------------------------------------------------------------------------------------------------+--------------+
; Compilation Hierarchy Node                  ; LC Combinationals ; LC Registers ; Memory Bits ; DSP Elements ; DSP 9x9 ; DSP 18x18 ; Pins ; Virtual Pins ; Full Hierarchy Name                                                                                    ; Library Name ;
+---------------------------------------------+-------------------+--------------+-------------+--------------+---------+-----------+------+--------------+--------------------------------------------------------------------------------------------------------+--------------+
; |LNN                                        ; 2377 (2250)       ; 1569 (1563)  ; 0           ; 0            ; 0       ; 0         ; 12   ; 0            ; |LNN                                                                                                   ; work         ;
;    |Rom:Rom_inst|                           ; 31 (31)           ; 6 (6)        ; 0           ; 0            ; 0       ; 0         ; 0    ; 0            ; |LNN|Rom:Rom_inst                                                                                      ; work         ;
;    |lpm_divide:Div0|                        ; 57 (0)            ; 0 (0)        ; 0           ; 0            ; 0       ; 0         ; 0    ; 0            ; |LNN|lpm_divide:Div0                                                                                   ; work         ;
;       |lpm_divide_khm:auto_generated|       ; 57 (0)            ; 0 (0)        ; 0           ; 0            ; 0       ; 0         ; 0    ; 0            ; |LNN|lpm_divide:Div0|lpm_divide_khm:auto_generated                                                     ; work         ;
;          |sign_div_unsign_ckh:divider|      ; 57 (0)            ; 0 (0)        ; 0           ; 0            ; 0       ; 0         ; 0    ; 0            ; |LNN|lpm_divide:Div0|lpm_divide_khm:auto_generated|sign_div_unsign_ckh:divider                         ; work         ;
;             |alt_u_div_c4f:divider|         ; 57 (57)           ; 0 (0)        ; 0           ; 0            ; 0       ; 0         ; 0    ; 0            ; |LNN|lpm_divide:Div0|lpm_divide_khm:auto_generated|sign_div_unsign_ckh:divider|alt_u_div_c4f:divider   ; work         ;
;    |lpm_mult:Mult0|                         ; 13 (0)            ; 0 (0)        ; 0           ; 0            ; 0       ; 0         ; 0    ; 0            ; |LNN|lpm_mult:Mult0                                                                                    ; work         ;
;       |multcore:mult_core|                  ; 13 (8)            ; 0 (0)        ; 0           ; 0            ; 0       ; 0         ; 0    ; 0            ; |LNN|lpm_mult:Mult0|multcore:mult_core                                                                 ; work         ;
;          |mpar_add:padder|                  ; 5 (0)             ; 0 (0)        ; 0           ; 0            ; 0       ; 0         ; 0    ; 0            ; |LNN|lpm_mult:Mult0|multcore:mult_core|mpar_add:padder                                                 ; work         ;
;             |lpm_add_sub:adder[0]|          ; 5 (0)             ; 0 (0)        ; 0           ; 0            ; 0       ; 0         ; 0    ; 0            ; |LNN|lpm_mult:Mult0|multcore:mult_core|mpar_add:padder|lpm_add_sub:adder[0]                            ; work         ;
;                |add_sub_jbh:auto_generated| ; 5 (5)             ; 0 (0)        ; 0           ; 0            ; 0       ; 0         ; 0    ; 0            ; |LNN|lpm_mult:Mult0|multcore:mult_core|mpar_add:padder|lpm_add_sub:adder[0]|add_sub_jbh:auto_generated ; work         ;
;    |lpm_mult:Mult1|                         ; 13 (0)            ; 0 (0)        ; 0           ; 0            ; 0       ; 0         ; 0    ; 0            ; |LNN|lpm_mult:Mult1                                                                                    ; work         ;
;       |multcore:mult_core|                  ; 13 (8)            ; 0 (0)        ; 0           ; 0            ; 0       ; 0         ; 0    ; 0            ; |LNN|lpm_mult:Mult1|multcore:mult_core                                                                 ; work         ;
;          |mpar_add:padder|                  ; 5 (0)             ; 0 (0)        ; 0           ; 0            ; 0       ; 0         ; 0    ; 0            ; |LNN|lpm_mult:Mult1|multcore:mult_core|mpar_add:padder                                                 ; work         ;
;             |lpm_add_sub:adder[0]|          ; 5 (0)             ; 0 (0)        ; 0           ; 0            ; 0       ; 0         ; 0    ; 0            ; |LNN|lpm_mult:Mult1|multcore:mult_core|mpar_add:padder|lpm_add_sub:adder[0]                            ; work         ;
;                |add_sub_jbh:auto_generated| ; 5 (5)             ; 0 (0)        ; 0           ; 0            ; 0       ; 0         ; 0    ; 0            ; |LNN|lpm_mult:Mult1|multcore:mult_core|mpar_add:padder|lpm_add_sub:adder[0]|add_sub_jbh:auto_generated ; work         ;
;    |lpm_mult:Mult2|                         ; 13 (0)            ; 0 (0)        ; 0           ; 0            ; 0       ; 0         ; 0    ; 0            ; |LNN|lpm_mult:Mult2                                                                                    ; work         ;
;       |multcore:mult_core|                  ; 13 (8)            ; 0 (0)        ; 0           ; 0            ; 0       ; 0         ; 0    ; 0            ; |LNN|lpm_mult:Mult2|multcore:mult_core                                                                 ; work         ;
;          |mpar_add:padder|                  ; 5 (0)             ; 0 (0)        ; 0           ; 0            ; 0       ; 0         ; 0    ; 0            ; |LNN|lpm_mult:Mult2|multcore:mult_core|mpar_add:padder                                                 ; work         ;
;             |lpm_add_sub:adder[0]|          ; 5 (0)             ; 0 (0)        ; 0           ; 0            ; 0       ; 0         ; 0    ; 0            ; |LNN|lpm_mult:Mult2|multcore:mult_core|mpar_add:padder|lpm_add_sub:adder[0]                            ; work         ;
;                |add_sub_jbh:auto_generated| ; 5 (5)             ; 0 (0)        ; 0           ; 0            ; 0       ; 0         ; 0    ; 0            ; |LNN|lpm_mult:Mult2|multcore:mult_core|mpar_add:padder|lpm_add_sub:adder[0]|add_sub_jbh:auto_generated ; work         ;
+---------------------------------------------+-------------------+--------------+-------------+--------------+---------+-----------+------+--------------+--------------------------------------------------------------------------------------------------------+--------------+
Note: For table entries with two numbers listed, the numbers in parentheses indicate the number of resources of the given type used by the specific entity alone. The numbers listed outside of parentheses indicate the total resources of the given type used by the specific entity and all of its sub-entities in the hierarchy.


Encoding Type:  One-Hot
+----------------------------------+
; State Machine - |LNN|output_flag ;
+---------------+------------------+
; Name          ; output_flag.1    ;
+---------------+------------------+
; output_flag.0 ; 0                ;
; output_flag.1 ; 1                ;
+---------------+------------------+


Encoding Type:  One-Hot
+----------------------------------------------------------------------------------------------+
; State Machine - |LNN|current_state                                                           ;
+------------------+------------------+------------------+------------------+------------------+
; Name             ; current_state.s3 ; current_state.s2 ; current_state.s1 ; current_state.s0 ;
+------------------+------------------+------------------+------------------+------------------+
; current_state.s0 ; 0                ; 0                ; 0                ; 0                ;
; current_state.s1 ; 0                ; 0                ; 1                ; 1                ;
; current_state.s2 ; 0                ; 1                ; 0                ; 1                ;
; current_state.s3 ; 1                ; 0                ; 0                ; 1                ;
+------------------+------------------+------------------+------------------+------------------+


+--------------------------------------------------------------------------------+
; Registers Removed During Synthesis                                             ;
+---------------------------------------+----------------------------------------+
; Register name                         ; Reason for Removal                     ;
+---------------------------------------+----------------------------------------+
; Rom:Rom_inst|weight3[2]               ; Stuck at GND due to stuck port data_in ;
; Rom:Rom_inst|weight2[2]               ; Stuck at GND due to stuck port data_in ;
; Rom:Rom_inst|weight1[2]               ; Stuck at GND due to stuck port data_in ;
; current_state~8                       ; Lost fanout                            ;
; current_state~9                       ; Lost fanout                            ;
; current_state~10                      ; Lost fanout                            ;
; addr[9]                               ; Lost fanout                            ;
; Total Number of Removed Registers = 7 ;                                        ;
+---------------------------------------+----------------------------------------+


+------------------------------------------------------+
; General Register Statistics                          ;
+----------------------------------------------+-------+
; Statistic                                    ; Value ;
+----------------------------------------------+-------+
; Total registers                              ; 1569  ;
; Number of registers using Synchronous Clear  ; 9     ;
; Number of registers using Synchronous Load   ; 0     ;
; Number of registers using Asynchronous Clear ; 14    ;
; Number of registers using Asynchronous Load  ; 0     ;
; Number of registers using Clock Enable       ; 1561  ;
; Number of registers using Preset             ; 0     ;
+----------------------------------------------+-------+


+---------------------------------------------------------------------+
; Parameter Settings for User Entity Instance: Top-level Entity: |LNN ;
+----------------+-------+--------------------------------------------+
; Parameter Name ; Value ; Type                                       ;
+----------------+-------+--------------------------------------------+
; s0             ; 000   ; Unsigned Binary                            ;
; s1             ; 001   ; Unsigned Binary                            ;
; s2             ; 010   ; Unsigned Binary                            ;
; s3             ; 011   ; Unsigned Binary                            ;
; s4             ; 100   ; Unsigned Binary                            ;
+----------------+-------+--------------------------------------------+
Note: In order to hide this table in the UI and the text report file, please set the "Show Parameter Settings in Synthesis Report" option in "Analysis and Synthesis Settings -> More Settings" to "Off".


+------------------------------------------------------------------+
; Parameter Settings for Inferred Entity Instance: lpm_divide:Div0 ;
+------------------------+----------------+------------------------+
; Parameter Name         ; Value          ; Type                   ;
+------------------------+----------------+------------------------+
; LPM_WIDTHN             ; 9              ; Untyped                ;
; LPM_WIDTHD             ; 4              ; Untyped                ;
; LPM_NREPRESENTATION    ; UNSIGNED       ; Untyped                ;
; LPM_DREPRESENTATION    ; UNSIGNED       ; Untyped                ;
; LPM_PIPELINE           ; 0              ; Untyped                ;
; LPM_REMAINDERPOSITIVE  ; TRUE           ; Untyped                ;
; MAXIMIZE_SPEED         ; 5              ; Untyped                ;
; CBXI_PARAMETER         ; lpm_divide_khm ; Untyped                ;
; CARRY_CHAIN            ; MANUAL         ; Untyped                ;
; OPTIMIZE_FOR_SPEED     ; 5              ; Untyped                ;
; AUTO_CARRY_CHAINS      ; ON             ; AUTO_CARRY             ;
; IGNORE_CARRY_BUFFERS   ; OFF            ; IGNORE_CARRY           ;
; AUTO_CASCADE_CHAINS    ; ON             ; AUTO_CASCADE           ;
; IGNORE_CASCADE_BUFFERS ; OFF            ; IGNORE_CASCADE         ;
+------------------------+----------------+------------------------+
Note: In order to hide this table in the UI and the text report file, please set the "Show Parameter Settings in Synthesis Report" option in "Analysis and Synthesis Settings -> More Settings" to "Off".


+-------------------------------------------------------------------------------------+
; Parameter Settings for Inferred Entity Instance: lpm_mult:Mult2                     ;
+------------------------------------------------+--------------+---------------------+
; Parameter Name                                 ; Value        ; Type                ;
+------------------------------------------------+--------------+---------------------+
; AUTO_CARRY_CHAINS                              ; ON           ; AUTO_CARRY          ;
; IGNORE_CARRY_BUFFERS                           ; OFF          ; IGNORE_CARRY        ;
; AUTO_CASCADE_CHAINS                            ; ON           ; AUTO_CASCADE        ;
; IGNORE_CASCADE_BUFFERS                         ; OFF          ; IGNORE_CASCADE      ;
; LPM_WIDTHA                                     ; 2            ; Untyped             ;
; LPM_WIDTHB                                     ; 4            ; Untyped             ;
; LPM_WIDTHP                                     ; 6            ; Untyped             ;
; LPM_WIDTHR                                     ; 6            ; Untyped             ;
; LPM_WIDTHS                                     ; 1            ; Untyped             ;
; LPM_REPRESENTATION                             ; UNSIGNED     ; Untyped             ;
; LPM_PIPELINE                                   ; 0            ; Untyped             ;
; LATENCY                                        ; 0            ; Untyped             ;
; INPUT_A_IS_CONSTANT                            ; NO           ; Untyped             ;
; INPUT_B_IS_CONSTANT                            ; NO           ; Untyped             ;
; USE_EAB                                        ; OFF          ; Untyped             ;
; MAXIMIZE_SPEED                                 ; 5            ; Untyped             ;
; DEVICE_FAMILY                                  ; Cyclone IV E ; Untyped             ;
; CARRY_CHAIN                                    ; MANUAL       ; Untyped             ;
; APEX20K_TECHNOLOGY_MAPPER                      ; LUT          ; TECH_MAPPER_APEX20K ;
; DEDICATED_MULTIPLIER_CIRCUITRY                 ; AUTO         ; Untyped             ;
; DEDICATED_MULTIPLIER_MIN_INPUT_WIDTH_FOR_AUTO  ; 0            ; Untyped             ;
; DEDICATED_MULTIPLIER_MIN_OUTPUT_WIDTH_FOR_AUTO ; 0            ; Untyped             ;
; CBXI_PARAMETER                                 ; NOTHING      ; Untyped             ;
; INPUT_A_FIXED_VALUE                            ; Bx           ; Untyped             ;
; INPUT_B_FIXED_VALUE                            ; Bx           ; Untyped             ;
; USE_AHDL_IMPLEMENTATION                        ; OFF          ; Untyped             ;
+------------------------------------------------+--------------+---------------------+
Note: In order to hide this table in the UI and the text report file, please set the "Show Parameter Settings in Synthesis Report" option in "Analysis and Synthesis Settings -> More Settings" to "Off".


+-------------------------------------------------------------------------------------+
; Parameter Settings for Inferred Entity Instance: lpm_mult:Mult0                     ;
+------------------------------------------------+--------------+---------------------+
; Parameter Name                                 ; Value        ; Type                ;
+------------------------------------------------+--------------+---------------------+
; AUTO_CARRY_CHAINS                              ; ON           ; AUTO_CARRY          ;
; IGNORE_CARRY_BUFFERS                           ; OFF          ; IGNORE_CARRY        ;
; AUTO_CASCADE_CHAINS                            ; ON           ; AUTO_CASCADE        ;
; IGNORE_CASCADE_BUFFERS                         ; OFF          ; IGNORE_CASCADE      ;
; LPM_WIDTHA                                     ; 2            ; Untyped             ;
; LPM_WIDTHB                                     ; 4            ; Untyped             ;
; LPM_WIDTHP                                     ; 6            ; Untyped             ;
; LPM_WIDTHR                                     ; 6            ; Untyped             ;
; LPM_WIDTHS                                     ; 1            ; Untyped             ;
; LPM_REPRESENTATION                             ; UNSIGNED     ; Untyped             ;
; LPM_PIPELINE                                   ; 0            ; Untyped             ;
; LATENCY                                        ; 0            ; Untyped             ;
; INPUT_A_IS_CONSTANT                            ; NO           ; Untyped             ;
; INPUT_B_IS_CONSTANT                            ; NO           ; Untyped             ;
; USE_EAB                                        ; OFF          ; Untyped             ;
; MAXIMIZE_SPEED                                 ; 5            ; Untyped             ;
; DEVICE_FAMILY                                  ; Cyclone IV E ; Untyped             ;
; CARRY_CHAIN                                    ; MANUAL       ; Untyped             ;
; APEX20K_TECHNOLOGY_MAPPER                      ; LUT          ; TECH_MAPPER_APEX20K ;
; DEDICATED_MULTIPLIER_CIRCUITRY                 ; AUTO         ; Untyped             ;
; DEDICATED_MULTIPLIER_MIN_INPUT_WIDTH_FOR_AUTO  ; 0            ; Untyped             ;
; DEDICATED_MULTIPLIER_MIN_OUTPUT_WIDTH_FOR_AUTO ; 0            ; Untyped             ;
; CBXI_PARAMETER                                 ; NOTHING      ; Untyped             ;
; INPUT_A_FIXED_VALUE                            ; Bx           ; Untyped             ;
; INPUT_B_FIXED_VALUE                            ; Bx           ; Untyped             ;
; USE_AHDL_IMPLEMENTATION                        ; OFF          ; Untyped             ;
+------------------------------------------------+--------------+---------------------+
Note: In order to hide this table in the UI and the text report file, please set the "Show Parameter Settings in Synthesis Report" option in "Analysis and Synthesis Settings -> More Settings" to "Off".


+-------------------------------------------------------------------------------------+
; Parameter Settings for Inferred Entity Instance: lpm_mult:Mult1                     ;
+------------------------------------------------+--------------+---------------------+
; Parameter Name                                 ; Value        ; Type                ;
+------------------------------------------------+--------------+---------------------+
; AUTO_CARRY_CHAINS                              ; ON           ; AUTO_CARRY          ;
; IGNORE_CARRY_BUFFERS                           ; OFF          ; IGNORE_CARRY        ;
; AUTO_CASCADE_CHAINS                            ; ON           ; AUTO_CASCADE        ;
; IGNORE_CASCADE_BUFFERS                         ; OFF          ; IGNORE_CASCADE      ;
; LPM_WIDTHA                                     ; 2            ; Untyped             ;
; LPM_WIDTHB                                     ; 4            ; Untyped             ;
; LPM_WIDTHP                                     ; 6            ; Untyped             ;
; LPM_WIDTHR                                     ; 6            ; Untyped             ;
; LPM_WIDTHS                                     ; 1            ; Untyped             ;
; LPM_REPRESENTATION                             ; UNSIGNED     ; Untyped             ;
; LPM_PIPELINE                                   ; 0            ; Untyped             ;
; LATENCY                                        ; 0            ; Untyped             ;
; INPUT_A_IS_CONSTANT                            ; NO           ; Untyped             ;
; INPUT_B_IS_CONSTANT                            ; NO           ; Untyped             ;
; USE_EAB                                        ; OFF          ; Untyped             ;
; MAXIMIZE_SPEED                                 ; 5            ; Untyped             ;
; DEVICE_FAMILY                                  ; Cyclone IV E ; Untyped             ;
; CARRY_CHAIN                                    ; MANUAL       ; Untyped             ;
; APEX20K_TECHNOLOGY_MAPPER                      ; LUT          ; TECH_MAPPER_APEX20K ;
; DEDICATED_MULTIPLIER_CIRCUITRY                 ; AUTO         ; Untyped             ;
; DEDICATED_MULTIPLIER_MIN_INPUT_WIDTH_FOR_AUTO  ; 0            ; Untyped             ;
; DEDICATED_MULTIPLIER_MIN_OUTPUT_WIDTH_FOR_AUTO ; 0            ; Untyped             ;
; CBXI_PARAMETER                                 ; NOTHING      ; Untyped             ;
; INPUT_A_FIXED_VALUE                            ; Bx           ; Untyped             ;
; INPUT_B_FIXED_VALUE                            ; Bx           ; Untyped             ;
; USE_AHDL_IMPLEMENTATION                        ; OFF          ; Untyped             ;
+------------------------------------------------+--------------+---------------------+
Note: In order to hide this table in the UI and the text report file, please set the "Show Parameter Settings in Synthesis Report" option in "Analysis and Synthesis Settings -> More Settings" to "Off".


+--------------------------------------------------------+
; lpm_mult Parameter Settings by Entity Instance         ;
+---------------------------------------+----------------+
; Name                                  ; Value          ;
+---------------------------------------+----------------+
; Number of entity instances            ; 3              ;
; Entity Instance                       ; lpm_mult:Mult2 ;
;     -- LPM_WIDTHA                     ; 2              ;
;     -- LPM_WIDTHB                     ; 4              ;
;     -- LPM_WIDTHP                     ; 6              ;
;     -- LPM_REPRESENTATION             ; UNSIGNED       ;
;     -- INPUT_A_IS_CONSTANT            ; NO             ;
;     -- INPUT_B_IS_CONSTANT            ; NO             ;
;     -- USE_EAB                        ; OFF            ;
;     -- DEDICATED_MULTIPLIER_CIRCUITRY ; AUTO           ;
;     -- INPUT_A_FIXED_VALUE            ; Bx             ;
;     -- INPUT_B_FIXED_VALUE            ; Bx             ;
; Entity Instance                       ; lpm_mult:Mult0 ;
;     -- LPM_WIDTHA                     ; 2              ;
;     -- LPM_WIDTHB                     ; 4              ;
;     -- LPM_WIDTHP                     ; 6              ;
;     -- LPM_REPRESENTATION             ; UNSIGNED       ;
;     -- INPUT_A_IS_CONSTANT            ; NO             ;
;     -- INPUT_B_IS_CONSTANT            ; NO             ;
;     -- USE_EAB                        ; OFF            ;
;     -- DEDICATED_MULTIPLIER_CIRCUITRY ; AUTO           ;
;     -- INPUT_A_FIXED_VALUE            ; Bx             ;
;     -- INPUT_B_FIXED_VALUE            ; Bx             ;
; Entity Instance                       ; lpm_mult:Mult1 ;
;     -- LPM_WIDTHA                     ; 2              ;
;     -- LPM_WIDTHB                     ; 4              ;
;     -- LPM_WIDTHP                     ; 6              ;
;     -- LPM_REPRESENTATION             ; UNSIGNED       ;
;     -- INPUT_A_IS_CONSTANT            ; NO             ;
;     -- INPUT_B_IS_CONSTANT            ; NO             ;
;     -- USE_EAB                        ; OFF            ;
;     -- DEDICATED_MULTIPLIER_CIRCUITRY ; AUTO           ;
;     -- INPUT_A_FIXED_VALUE            ; Bx             ;
;     -- INPUT_B_FIXED_VALUE            ; Bx             ;
+---------------------------------------+----------------+


+-------------------------------+
; Elapsed Time Per Partition    ;
+----------------+--------------+
; Partition Name ; Elapsed Time ;
+----------------+--------------+
; Top            ; 00:00:06     ;
+----------------+--------------+


+-------------------------------+
; Analysis & Synthesis Messages ;
+-------------------------------+
Info: *******************************************************************
Info: Running Quartus II 64-Bit Analysis & Synthesis
    Info: Version 13.0.1 Build 232 06/12/2013 Service Pack 1 SJ Full Version
    Info: Processing started: Sun Aug 21 23:44:21 2022
Info: Command: quartus_map --read_settings_files=on --write_settings_files=off LNN -c LNN
Info (11104): Parallel Compilation has detected 16 hyper-threaded processors. However, the extra hyper-threaded processors will not be used by default. Parallel Compilation will use 8 of the 8 physical processors detected instead.
Info (12021): Found 1 design units, including 1 entities, in source file /users/shilei wang/desktop/fyp/fpga/linear neural network/rtl/lnn.v
    Info (12023): Found entity 1: LNN
Info (12021): Found 1 design units, including 1 entities, in source file /users/shilei wang/desktop/fyp/fpga/linear neural network/rtl/rom.v
    Info (12023): Found entity 1: Rom
Info (12127): Elaborating entity "LNN" for the top level hierarchy
Warning (10230): Verilog HDL assignment warning at LNN.v(141): truncated value with size 32 to match size of target (4)
Info (12128): Elaborating entity "Rom" for hierarchy "Rom:Rom_inst"
Info (276014): Found 4 instances of uninferred RAM logic
    Info (276007): RAM logic "error" is uninferred due to asynchronous read logic
    Info (276007): RAM logic "past2" is uninferred due to asynchronous read logic
    Info (276007): RAM logic "past1" is uninferred due to asynchronous read logic
    Info (276007): RAM logic "past3" is uninferred due to asynchronous read logic
Info (278001): Inferred 4 megafunctions from design logic
    Info (278004): Inferred divider/modulo megafunction ("lpm_divide") from the following logic: "Div0"
    Info (278003): Inferred multiplier megafunction ("lpm_mult") from the following logic: "Mult2"
    Info (278003): Inferred multiplier megafunction ("lpm_mult") from the following logic: "Mult0"
    Info (278003): Inferred multiplier megafunction ("lpm_mult") from the following logic: "Mult1"
Info (12130): Elaborated megafunction instantiation "lpm_divide:Div0"
Info (12133): Instantiated megafunction "lpm_divide:Div0" with the following parameter:
    Info (12134): Parameter "LPM_WIDTHN" = "9"
    Info (12134): Parameter "LPM_WIDTHD" = "4"
    Info (12134): Parameter "LPM_NREPRESENTATION" = "UNSIGNED"
    Info (12134): Parameter "LPM_DREPRESENTATION" = "UNSIGNED"
Info (12021): Found 1 design units, including 1 entities, in source file db/lpm_divide_khm.tdf
    Info (12023): Found entity 1: lpm_divide_khm
Info (12021): Found 1 design units, including 1 entities, in source file db/sign_div_unsign_ckh.tdf
    Info (12023): Found entity 1: sign_div_unsign_ckh
Info (12021): Found 1 design units, including 1 entities, in source file db/alt_u_div_c4f.tdf
    Info (12023): Found entity 1: alt_u_div_c4f
Info (12021): Found 1 design units, including 1 entities, in source file db/add_sub_7pc.tdf
    Info (12023): Found entity 1: add_sub_7pc
Info (12021): Found 1 design units, including 1 entities, in source file db/add_sub_8pc.tdf
    Info (12023): Found entity 1: add_sub_8pc
Info (12130): Elaborated megafunction instantiation "lpm_mult:Mult2"
Info (12133): Instantiated megafunction "lpm_mult:Mult2" with the following parameter:
    Info (12134): Parameter "LPM_WIDTHA" = "2"
    Info (12134): Parameter "LPM_WIDTHB" = "4"
    Info (12134): Parameter "LPM_WIDTHP" = "6"
    Info (12134): Parameter "LPM_WIDTHR" = "6"
    Info (12134): Parameter "LPM_WIDTHS" = "1"
    Info (12134): Parameter "LPM_REPRESENTATION" = "UNSIGNED"
    Info (12134): Parameter "INPUT_A_IS_CONSTANT" = "NO"
    Info (12134): Parameter "INPUT_B_IS_CONSTANT" = "NO"
    Info (12134): Parameter "MAXIMIZE_SPEED" = "5"
Info (12131): Elaborated megafunction instantiation "lpm_mult:Mult2|multcore:mult_core", which is child of megafunction instantiation "lpm_mult:Mult2"
Info (12131): Elaborated megafunction instantiation "lpm_mult:Mult2|multcore:mult_core|mpar_add:padder", which is child of megafunction instantiation "lpm_mult:Mult2"
Info (12131): Elaborated megafunction instantiation "lpm_mult:Mult2|multcore:mult_core|mpar_add:padder|lpm_add_sub:adder[0]", which is child of megafunction instantiation "lpm_mult:Mult2"
Info (12021): Found 1 design units, including 1 entities, in source file db/add_sub_jbh.tdf
    Info (12023): Found entity 1: add_sub_jbh
Info (12131): Elaborated megafunction instantiation "lpm_mult:Mult2|altshift:external_latency_ffs", which is child of megafunction instantiation "lpm_mult:Mult2"
Info (286030): Timing-Driven Synthesis is running
Info (17049): 4 registers lost all their fanouts during netlist optimizations.
Info (16010): Generating hard_block partition "hard_block:auto_generated_inst"
    Info (16011): Adding 0 node(s), including 0 DDIO, 0 PLL, 0 transceiver and 0 LCELL
Info (21057): Implemented 3159 device resources after synthesis - the final resource count might be different
    Info (21058): Implemented 7 input pins
    Info (21059): Implemented 5 output pins
    Info (21061): Implemented 3147 logic cells
Info: Quartus II 64-Bit Analysis & Synthesis was successful. 0 errors, 1 warning
    Info: Peak virtual memory: 4660 megabytes
    Info: Processing ended: Sun Aug 21 23:44:30 2022
    Info: Elapsed time: 00:00:09
    Info: Total CPU time (on all processors): 00:00:08


