Analysis & Synthesis report for compressed_sensing
Mon Aug 22 14:07:37 2022
Quartus II 64-Bit Version 13.0.1 Build 232 06/12/2013 Service Pack 1 SJ Full Version


---------------------
; Table of Contents ;
---------------------
  1. Legal Notice
  2. Analysis & Synthesis Summary
  3. Analysis & Synthesis Settings
  4. Parallel Compilation
  5. Analysis & Synthesis Source Files Read
  6. Analysis & Synthesis Resource Usage Summary
  7. Analysis & Synthesis Resource Utilization by Entity
  8. Analysis & Synthesis RAM Summary
  9. State Machine - |compressed_sensing|current_state
 10. Registers Removed During Synthesis
 11. General Register Statistics
 12. Registers Added for RAM Pass-Through Logic
 13. Registers Packed Into Inferred Megafunctions
 14. Multiplexer Restructuring Statistics (Restructuring Performed)
 15. Source assignments for altsyncram:value_vector_rtl_0|altsyncram_4qg1:auto_generated
 16. Parameter Settings for User Entity Instance: Top-level Entity: |compressed_sensing
 17. Parameter Settings for Inferred Entity Instance: altsyncram:value_vector_rtl_0
 18. altsyncram Parameter Settings by Entity Instance
 19. Port Connectivity Checks: "Rom:Rom_inst"
 20. Elapsed Time Per Partition
 21. Analysis & Synthesis Messages



----------------
; Legal Notice ;
----------------
Copyright (C) 1991-2013 Altera Corporation
Your use of Altera Corporation's design tools, logic functions 
and other software and tools, and its AMPP partner logic 
functions, and any output files from any of the foregoing 
(including device programming or simulation files), and any 
associated documentation or information are expressly subject 
to the terms and conditions of the Altera Program License 
Subscription Agreement, Altera MegaCore Function License 
Agreement, or other applicable license agreement, including, 
without limitation, that your use is for the sole purpose of 
programming logic devices manufactured by Altera and sold by 
Altera or its authorized distributors.  Please refer to the 
applicable agreement for further details.



+---------------------------------------------------------------------------------------+
; Analysis & Synthesis Summary                                                          ;
+------------------------------------+--------------------------------------------------+
; Analysis & Synthesis Status        ; Successful - Mon Aug 22 14:07:37 2022            ;
; Quartus II 64-Bit Version          ; 13.0.1 Build 232 06/12/2013 SP 1 SJ Full Version ;
; Revision Name                      ; compressed_sensing                               ;
; Top-level Entity Name              ; compressed_sensing                               ;
; Family                             ; Cyclone IV E                                     ;
; Total logic elements               ; 370                                              ;
;     Total combinational functions  ; 345                                              ;
;     Dedicated logic registers      ; 67                                               ;
; Total registers                    ; 67                                               ;
; Total pins                         ; 19                                               ;
; Total virtual pins                 ; 0                                                ;
; Total memory bits                  ; 384                                              ;
; Embedded Multiplier 9-bit elements ; 0                                                ;
; Total PLLs                         ; 0                                                ;
+------------------------------------+--------------------------------------------------+


+----------------------------------------------------------------------------------------------------------------------+
; Analysis & Synthesis Settings                                                                                        ;
+----------------------------------------------------------------------------+--------------------+--------------------+
; Option                                                                     ; Setting            ; Default Value      ;
+----------------------------------------------------------------------------+--------------------+--------------------+
; Device                                                                     ; EP4CE10F17C8       ;                    ;
; Top-level entity name                                                      ; compressed_sensing ; compressed_sensing ;
; Family name                                                                ; Cyclone IV E       ; Cyclone IV GX      ;
; Use smart compilation                                                      ; Off                ; Off                ;
; Enable parallel Assembler and TimeQuest Timing Analyzer during compilation ; On                 ; On                 ;
; Enable compact report table                                                ; Off                ; Off                ;
; Restructure Multiplexers                                                   ; Auto               ; Auto               ;
; Create Debugging Nodes for IP Cores                                        ; Off                ; Off                ;
; Preserve fewer node names                                                  ; On                 ; On                 ;
; Disable OpenCore Plus hardware evaluation                                  ; Off                ; Off                ;
; Verilog Version                                                            ; Verilog_2001       ; Verilog_2001       ;
; VHDL Version                                                               ; VHDL_1993          ; VHDL_1993          ;
; State Machine Processing                                                   ; Auto               ; Auto               ;
; Safe State Machine                                                         ; Off                ; Off                ;
; Extract Verilog State Machines                                             ; On                 ; On                 ;
; Extract VHDL State Machines                                                ; On                 ; On                 ;
; Ignore Verilog initial constructs                                          ; Off                ; Off                ;
; Iteration limit for constant Verilog loops                                 ; 5000               ; 5000               ;
; Iteration limit for non-constant Verilog loops                             ; 250                ; 250                ;
; Add Pass-Through Logic to Inferred RAMs                                    ; On                 ; On                 ;
; Infer RAMs from Raw Logic                                                  ; On                 ; On                 ;
; Parallel Synthesis                                                         ; On                 ; On                 ;
; DSP Block Balancing                                                        ; Auto               ; Auto               ;
; NOT Gate Push-Back                                                         ; On                 ; On                 ;
; Power-Up Don't Care                                                        ; On                 ; On                 ;
; Remove Redundant Logic Cells                                               ; Off                ; Off                ;
; Remove Duplicate Registers                                                 ; On                 ; On                 ;
; Ignore CARRY Buffers                                                       ; Off                ; Off                ;
; Ignore CASCADE Buffers                                                     ; Off                ; Off                ;
; Ignore GLOBAL Buffers                                                      ; Off                ; Off                ;
; Ignore ROW GLOBAL Buffers                                                  ; Off                ; Off                ;
; Ignore LCELL Buffers                                                       ; Off                ; Off                ;
; Ignore SOFT Buffers                                                        ; On                 ; On                 ;
; Limit AHDL Integers to 32 Bits                                             ; Off                ; Off                ;
; Optimization Technique                                                     ; Balanced           ; Balanced           ;
; Carry Chain Length                                                         ; 70                 ; 70                 ;
; Auto Carry Chains                                                          ; On                 ; On                 ;
; Auto Open-Drain Pins                                                       ; On                 ; On                 ;
; Perform WYSIWYG Primitive Resynthesis                                      ; Off                ; Off                ;
; Auto ROM Replacement                                                       ; On                 ; On                 ;
; Auto RAM Replacement                                                       ; On                 ; On                 ;
; Auto DSP Block Replacement                                                 ; On                 ; On                 ;
; Auto Shift Register Replacement                                            ; Auto               ; Auto               ;
; Allow Shift Register Merging across Hierarchies                            ; Auto               ; Auto               ;
; Auto Clock Enable Replacement                                              ; On                 ; On                 ;
; Strict RAM Replacement                                                     ; Off                ; Off                ;
; Allow Synchronous Control Signals                                          ; On                 ; On                 ;
; Force Use of Synchronous Clear Signals                                     ; Off                ; Off                ;
; Auto RAM Block Balancing                                                   ; On                 ; On                 ;
; Auto RAM to Logic Cell Conversion                                          ; Off                ; Off                ;
; Auto Resource Sharing                                                      ; Off                ; Off                ;
; Allow Any RAM Size For Recognition                                         ; Off                ; Off                ;
; Allow Any ROM Size For Recognition                                         ; Off                ; Off                ;
; Allow Any Shift Register Size For Recognition                              ; Off                ; Off                ;
; Use LogicLock Constraints during Resource Balancing                        ; On                 ; On                 ;
; Ignore translate_off and synthesis_off directives                          ; Off                ; Off                ;
; Timing-Driven Synthesis                                                    ; On                 ; On                 ;
; Report Parameter Settings                                                  ; On                 ; On                 ;
; Report Source Assignments                                                  ; On                 ; On                 ;
; Report Connectivity Checks                                                 ; On                 ; On                 ;
; Ignore Maximum Fan-Out Assignments                                         ; Off                ; Off                ;
; Synchronization Register Chain Length                                      ; 2                  ; 2                  ;
; PowerPlay Power Optimization                                               ; Normal compilation ; Normal compilation ;
; HDL message level                                                          ; Level2             ; Level2             ;
; Suppress Register Optimization Related Messages                            ; Off                ; Off                ;
; Number of Removed Registers Reported in Synthesis Report                   ; 5000               ; 5000               ;
; Number of Swept Nodes Reported in Synthesis Report                         ; 5000               ; 5000               ;
; Number of Inverted Registers Reported in Synthesis Report                  ; 100                ; 100                ;
; Clock MUX Protection                                                       ; On                 ; On                 ;
; Auto Gated Clock Conversion                                                ; Off                ; Off                ;
; Block Design Naming                                                        ; Auto               ; Auto               ;
; SDC constraint protection                                                  ; Off                ; Off                ;
; Synthesis Effort                                                           ; Auto               ; Auto               ;
; Shift Register Replacement - Allow Asynchronous Clear Signal               ; On                 ; On                 ;
; Pre-Mapping Resynthesis Optimization                                       ; Off                ; Off                ;
; Analysis & Synthesis Message Level                                         ; Medium             ; Medium             ;
; Disable Register Merging Across Hierarchies                                ; Auto               ; Auto               ;
; Resource Aware Inference For Block RAM                                     ; On                 ; On                 ;
; Synthesis Seed                                                             ; 1                  ; 1                  ;
+----------------------------------------------------------------------------+--------------------+--------------------+


+------------------------------------------+
; Parallel Compilation                     ;
+----------------------------+-------------+
; Processors                 ; Number      ;
+----------------------------+-------------+
; Number detected on machine ; 16          ;
; Maximum allowed            ; 8           ;
;                            ;             ;
; Average used               ; 1.00        ;
; Maximum used               ; 2           ;
;                            ;             ;
; Usage by Processor         ; % Time Used ;
;     Processor 1            ; 100.0%      ;
;     Processor 2            ; < 0.1%      ;
;     Processors 3-16        ;   0.0%      ;
+----------------------------+-------------+


+---------------------------------------------------------------------------------------------------------------------------------------------------------------------------------------+
; Analysis & Synthesis Source Files Read                                                                                                                                                ;
+----------------------------------+-----------------+------------------------------+-----------------------------------------------------------------------------------------+---------+
; File Name with User-Entered Path ; Used in Netlist ; File Type                    ; File Name with Absolute Path                                                            ; Library ;
+----------------------------------+-----------------+------------------------------+-----------------------------------------------------------------------------------------+---------+
; ../RTL/Rom.v                     ; yes             ; User Verilog HDL File        ; C:/Users/SHILEI WANG/Desktop/FYP/FPGA/compressed_sensing/RTL/Rom.v                      ;         ;
; ../RTL/compressed_sensing.v      ; yes             ; User Verilog HDL File        ; C:/Users/SHILEI WANG/Desktop/FYP/FPGA/compressed_sensing/RTL/compressed_sensing.v       ;         ;
; altsyncram.tdf                   ; yes             ; Megafunction                 ; d:/quartus ii/quartus/libraries/megafunctions/altsyncram.tdf                            ;         ;
; stratix_ram_block.inc            ; yes             ; Megafunction                 ; d:/quartus ii/quartus/libraries/megafunctions/stratix_ram_block.inc                     ;         ;
; lpm_mux.inc                      ; yes             ; Megafunction                 ; d:/quartus ii/quartus/libraries/megafunctions/lpm_mux.inc                               ;         ;
; lpm_decode.inc                   ; yes             ; Megafunction                 ; d:/quartus ii/quartus/libraries/megafunctions/lpm_decode.inc                            ;         ;
; aglobal130.inc                   ; yes             ; Megafunction                 ; d:/quartus ii/quartus/libraries/megafunctions/aglobal130.inc                            ;         ;
; a_rdenreg.inc                    ; yes             ; Megafunction                 ; d:/quartus ii/quartus/libraries/megafunctions/a_rdenreg.inc                             ;         ;
; altrom.inc                       ; yes             ; Megafunction                 ; d:/quartus ii/quartus/libraries/megafunctions/altrom.inc                                ;         ;
; altram.inc                       ; yes             ; Megafunction                 ; d:/quartus ii/quartus/libraries/megafunctions/altram.inc                                ;         ;
; altdpram.inc                     ; yes             ; Megafunction                 ; d:/quartus ii/quartus/libraries/megafunctions/altdpram.inc                              ;         ;
; db/altsyncram_4qg1.tdf           ; yes             ; Auto-Generated Megafunction  ; C:/Users/SHILEI WANG/Desktop/FYP/FPGA/compressed_sensing/project/db/altsyncram_4qg1.tdf ;         ;
+----------------------------------+-----------------+------------------------------+-----------------------------------------------------------------------------------------+---------+


+-------------------------------------------------------+
; Analysis & Synthesis Resource Usage Summary           ;
+---------------------------------------------+---------+
; Resource                                    ; Usage   ;
+---------------------------------------------+---------+
; Estimated Total logic elements              ; 370     ;
;                                             ;         ;
; Total combinational functions               ; 345     ;
; Logic element usage by number of LUT inputs ;         ;
;     -- 4 input functions                    ; 265     ;
;     -- 3 input functions                    ; 27      ;
;     -- <=2 input functions                  ; 53      ;
;                                             ;         ;
; Logic elements by mode                      ;         ;
;     -- normal mode                          ; 310     ;
;     -- arithmetic mode                      ; 35      ;
;                                             ;         ;
; Total registers                             ; 67      ;
;     -- Dedicated logic registers            ; 67      ;
;     -- I/O registers                        ; 0       ;
;                                             ;         ;
; I/O pins                                    ; 19      ;
; Total memory bits                           ; 384     ;
; Embedded Multiplier 9-bit elements          ; 0       ;
; Maximum fan-out node                        ; addr[0] ;
; Maximum fan-out                             ; 123     ;
; Total fan-out                               ; 1566    ;
; Average fan-out                             ; 3.45    ;
+---------------------------------------------+---------+


+------------------------------------------------------------------------------------------------------------------------------------------------------------------------------------------------------------------------------------------------------+
; Analysis & Synthesis Resource Utilization by Entity                                                                                                                                                                                                  ;
+----------------------------------------+-------------------+--------------+-------------+--------------+---------+-----------+------+--------------+----------------------------------------------------------------------------------+--------------+
; Compilation Hierarchy Node             ; LC Combinationals ; LC Registers ; Memory Bits ; DSP Elements ; DSP 9x9 ; DSP 18x18 ; Pins ; Virtual Pins ; Full Hierarchy Name                                                              ; Library Name ;
+----------------------------------------+-------------------+--------------+-------------+--------------+---------+-----------+------+--------------+----------------------------------------------------------------------------------+--------------+
; |compressed_sensing                    ; 345 (91)          ; 67 (67)      ; 384         ; 0            ; 0       ; 0         ; 19   ; 0            ; |compressed_sensing                                                              ; work         ;
;    |Rom:Rom_inst|                      ; 254 (254)         ; 0 (0)        ; 0           ; 0            ; 0       ; 0         ; 0    ; 0            ; |compressed_sensing|Rom:Rom_inst                                                 ; work         ;
;    |altsyncram:value_vector_rtl_0|     ; 0 (0)             ; 0 (0)        ; 384         ; 0            ; 0       ; 0         ; 0    ; 0            ; |compressed_sensing|altsyncram:value_vector_rtl_0                                ; work         ;
;       |altsyncram_4qg1:auto_generated| ; 0 (0)             ; 0 (0)        ; 384         ; 0            ; 0       ; 0         ; 0    ; 0            ; |compressed_sensing|altsyncram:value_vector_rtl_0|altsyncram_4qg1:auto_generated ; work         ;
+----------------------------------------+-------------------+--------------+-------------+--------------+---------+-----------+------+--------------+----------------------------------------------------------------------------------+--------------+
Note: For table entries with two numbers listed, the numbers in parentheses indicate the number of resources of the given type used by the specific entity alone. The numbers listed outside of parentheses indicate the total resources of the given type used by the specific entity and all of its sub-entities in the hierarchy.


+-----------------------------------------------------------------------------------------------------------------------------------------------------------------------------+
; Analysis & Synthesis RAM Summary                                                                                                                                            ;
+-------------------------------------------------------------------------+------+------------------+--------------+--------------+--------------+--------------+------+------+
; Name                                                                    ; Type ; Mode             ; Port A Depth ; Port A Width ; Port B Depth ; Port B Width ; Size ; MIF  ;
+-------------------------------------------------------------------------+------+------------------+--------------+--------------+--------------+--------------+------+------+
; altsyncram:value_vector_rtl_0|altsyncram_4qg1:auto_generated|ALTSYNCRAM ; AUTO ; Simple Dual Port ; 96           ; 4            ; 96           ; 4            ; 384  ; None ;
+-------------------------------------------------------------------------+------+------------------+--------------+--------------+--------------+--------------+------+------+


Encoding Type:  One-Hot
+---------------------------------------------------------------------------+
; State Machine - |compressed_sensing|current_state                         ;
+------------------+------------------+------------------+------------------+
; Name             ; current_state.s3 ; current_state.s1 ; current_state.s2 ;
+------------------+------------------+------------------+------------------+
; current_state.s1 ; 0                ; 0                ; 0                ;
; current_state.s2 ; 0                ; 1                ; 1                ;
; current_state.s3 ; 1                ; 1                ; 0                ;
+------------------+------------------+------------------+------------------+


+------------------------------------------------------------+
; Registers Removed During Synthesis                         ;
+---------------------------------------+--------------------+
; Register name                         ; Reason for Removal ;
+---------------------------------------+--------------------+
; current_state~9                       ; Lost fanout        ;
; Total Number of Removed Registers = 1 ;                    ;
+---------------------------------------+--------------------+


+------------------------------------------------------+
; General Register Statistics                          ;
+----------------------------------------------+-------+
; Statistic                                    ; Value ;
+----------------------------------------------+-------+
; Total registers                              ; 67    ;
; Number of registers using Synchronous Clear  ; 0     ;
; Number of registers using Synchronous Load   ; 10    ;
; Number of registers using Asynchronous Clear ; 34    ;
; Number of registers using Asynchronous Load  ; 0     ;
; Number of registers using Clock Enable       ; 35    ;
; Number of registers using Preset             ; 0     ;
+----------------------------------------------+-------+


+----------------------------------------------------+
; Registers Added for RAM Pass-Through Logic         ;
+-------------------------------+--------------------+
; Register Name                 ; RAM Name           ;
+-------------------------------+--------------------+
; value_vector_rtl_0_bypass[0]  ; value_vector_rtl_0 ;
; value_vector_rtl_0_bypass[1]  ; value_vector_rtl_0 ;
; value_vector_rtl_0_bypass[2]  ; value_vector_rtl_0 ;
; value_vector_rtl_0_bypass[3]  ; value_vector_rtl_0 ;
; value_vector_rtl_0_bypass[4]  ; value_vector_rtl_0 ;
; value_vector_rtl_0_bypass[5]  ; value_vector_rtl_0 ;
; value_vector_rtl_0_bypass[6]  ; value_vector_rtl_0 ;
; value_vector_rtl_0_bypass[7]  ; value_vector_rtl_0 ;
; value_vector_rtl_0_bypass[8]  ; value_vector_rtl_0 ;
; value_vector_rtl_0_bypass[9]  ; value_vector_rtl_0 ;
; value_vector_rtl_0_bypass[10] ; value_vector_rtl_0 ;
; value_vector_rtl_0_bypass[11] ; value_vector_rtl_0 ;
; value_vector_rtl_0_bypass[12] ; value_vector_rtl_0 ;
; value_vector_rtl_0_bypass[13] ; value_vector_rtl_0 ;
; value_vector_rtl_0_bypass[14] ; value_vector_rtl_0 ;
; value_vector_rtl_0_bypass[15] ; value_vector_rtl_0 ;
; value_vector_rtl_0_bypass[16] ; value_vector_rtl_0 ;
; value_vector_rtl_0_bypass[17] ; value_vector_rtl_0 ;
; value_vector_rtl_0_bypass[18] ; value_vector_rtl_0 ;
+-------------------------------+--------------------+


+--------------------------------------------------+
; Registers Packed Into Inferred Megafunctions     ;
+----------------------+--------------------+------+
; Register Name        ; Megafunction       ; Type ;
+----------------------+--------------------+------+
; Rom:Rom_inst|q[0..6] ; value_vector_rtl_0 ; RAM  ;
+----------------------+--------------------+------+


+----------------------------------------------------------------------------------------------------------------------------------------------------+
; Multiplexer Restructuring Statistics (Restructuring Performed)                                                                                     ;
+--------------------+-----------+---------------+----------------------+------------------------+------------+--------------------------------------+
; Multiplexer Inputs ; Bus Width ; Baseline Area ; Area if Restructured ; Saving if Restructured ; Registered ; Example Multiplexer Output           ;
+--------------------+-----------+---------------+----------------------+------------------------+------------+--------------------------------------+
; 3:1                ; 8 bits    ; 16 LEs        ; 8 LEs                ; 8 LEs                  ; Yes        ; |compressed_sensing|adder_counter[1] ;
; 5:1                ; 10 bits   ; 30 LEs        ; 20 LEs               ; 10 LEs                 ; Yes        ; |compressed_sensing|addr[9]          ;
; 3:1                ; 2 bits    ; 4 LEs         ; 2 LEs                ; 2 LEs                  ; No         ; |compressed_sensing|current_state    ;
; 3:1                ; 4 bits    ; 8 LEs         ; 4 LEs                ; 4 LEs                  ; No         ; |compressed_sensing|data_temp        ;
+--------------------+-----------+---------------+----------------------+------------------------+------------+--------------------------------------+


+-------------------------------------------------------------------------------------+
; Source assignments for altsyncram:value_vector_rtl_0|altsyncram_4qg1:auto_generated ;
+---------------------------------+--------------------+------+-----------------------+
; Assignment                      ; Value              ; From ; To                    ;
+---------------------------------+--------------------+------+-----------------------+
; OPTIMIZE_POWER_DURING_SYNTHESIS ; NORMAL_COMPILATION ; -    ; -                     ;
+---------------------------------+--------------------+------+-----------------------+


+------------------------------------------------------------------------------------+
; Parameter Settings for User Entity Instance: Top-level Entity: |compressed_sensing ;
+----------------+-------+-----------------------------------------------------------+
; Parameter Name ; Value ; Type                                                      ;
+----------------+-------+-----------------------------------------------------------+
; s0             ; 000   ; Unsigned Binary                                           ;
; s1             ; 001   ; Unsigned Binary                                           ;
; s2             ; 010   ; Unsigned Binary                                           ;
; s3             ; 011   ; Unsigned Binary                                           ;
+----------------+-------+-----------------------------------------------------------+
Note: In order to hide this table in the UI and the text report file, please set the "Show Parameter Settings in Synthesis Report" option in "Analysis and Synthesis Settings -> More Settings" to "Off".


+--------------------------------------------------------------------------------+
; Parameter Settings for Inferred Entity Instance: altsyncram:value_vector_rtl_0 ;
+------------------------------------+----------------------+--------------------+
; Parameter Name                     ; Value                ; Type               ;
+------------------------------------+----------------------+--------------------+
; BYTE_SIZE_BLOCK                    ; 8                    ; Untyped            ;
; AUTO_CARRY_CHAINS                  ; ON                   ; AUTO_CARRY         ;
; IGNORE_CARRY_BUFFERS               ; OFF                  ; IGNORE_CARRY       ;
; AUTO_CASCADE_CHAINS                ; ON                   ; AUTO_CASCADE       ;
; IGNORE_CASCADE_BUFFERS             ; OFF                  ; IGNORE_CASCADE     ;
; WIDTH_BYTEENA                      ; 1                    ; Untyped            ;
; OPERATION_MODE                     ; DUAL_PORT            ; Untyped            ;
; WIDTH_A                            ; 4                    ; Untyped            ;
; WIDTHAD_A                          ; 7                    ; Untyped            ;
; NUMWORDS_A                         ; 96                   ; Untyped            ;
; OUTDATA_REG_A                      ; UNREGISTERED         ; Untyped            ;
; ADDRESS_ACLR_A                     ; NONE                 ; Untyped            ;
; OUTDATA_ACLR_A                     ; NONE                 ; Untyped            ;
; WRCONTROL_ACLR_A                   ; NONE                 ; Untyped            ;
; INDATA_ACLR_A                      ; NONE                 ; Untyped            ;
; BYTEENA_ACLR_A                     ; NONE                 ; Untyped            ;
; WIDTH_B                            ; 4                    ; Untyped            ;
; WIDTHAD_B                          ; 7                    ; Untyped            ;
; NUMWORDS_B                         ; 96                   ; Untyped            ;
; INDATA_REG_B                       ; CLOCK1               ; Untyped            ;
; WRCONTROL_WRADDRESS_REG_B          ; CLOCK1               ; Untyped            ;
; RDCONTROL_REG_B                    ; CLOCK1               ; Untyped            ;
; ADDRESS_REG_B                      ; CLOCK0               ; Untyped            ;
; OUTDATA_REG_B                      ; UNREGISTERED         ; Untyped            ;
; BYTEENA_REG_B                      ; CLOCK1               ; Untyped            ;
; INDATA_ACLR_B                      ; NONE                 ; Untyped            ;
; WRCONTROL_ACLR_B                   ; NONE                 ; Untyped            ;
; ADDRESS_ACLR_B                     ; NONE                 ; Untyped            ;
; OUTDATA_ACLR_B                     ; NONE                 ; Untyped            ;
; RDCONTROL_ACLR_B                   ; NONE                 ; Untyped            ;
; BYTEENA_ACLR_B                     ; NONE                 ; Untyped            ;
; WIDTH_BYTEENA_A                    ; 1                    ; Untyped            ;
; WIDTH_BYTEENA_B                    ; 1                    ; Untyped            ;
; RAM_BLOCK_TYPE                     ; AUTO                 ; Untyped            ;
; BYTE_SIZE                          ; 8                    ; Untyped            ;
; READ_DURING_WRITE_MODE_MIXED_PORTS ; OLD_DATA             ; Untyped            ;
; READ_DURING_WRITE_MODE_PORT_A      ; NEW_DATA_NO_NBE_READ ; Untyped            ;
; READ_DURING_WRITE_MODE_PORT_B      ; NEW_DATA_NO_NBE_READ ; Untyped            ;
; INIT_FILE                          ; UNUSED               ; Untyped            ;
; INIT_FILE_LAYOUT                   ; PORT_A               ; Untyped            ;
; MAXIMUM_DEPTH                      ; 0                    ; Untyped            ;
; CLOCK_ENABLE_INPUT_A               ; NORMAL               ; Untyped            ;
; CLOCK_ENABLE_INPUT_B               ; NORMAL               ; Untyped            ;
; CLOCK_ENABLE_OUTPUT_A              ; NORMAL               ; Untyped            ;
; CLOCK_ENABLE_OUTPUT_B              ; NORMAL               ; Untyped            ;
; CLOCK_ENABLE_CORE_A                ; USE_INPUT_CLKEN      ; Untyped            ;
; CLOCK_ENABLE_CORE_B                ; USE_INPUT_CLKEN      ; Untyped            ;
; ENABLE_ECC                         ; FALSE                ; Untyped            ;
; ECC_PIPELINE_STAGE_ENABLED         ; FALSE                ; Untyped            ;
; WIDTH_ECCSTATUS                    ; 3                    ; Untyped            ;
; DEVICE_FAMILY                      ; Cyclone IV E         ; Untyped            ;
; CBXI_PARAMETER                     ; altsyncram_4qg1      ; Untyped            ;
+------------------------------------+----------------------+--------------------+
Note: In order to hide this table in the UI and the text report file, please set the "Show Parameter Settings in Synthesis Report" option in "Analysis and Synthesis Settings -> More Settings" to "Off".


+---------------------------------------------------------------------------+
; altsyncram Parameter Settings by Entity Instance                          ;
+-------------------------------------------+-------------------------------+
; Name                                      ; Value                         ;
+-------------------------------------------+-------------------------------+
; Number of entity instances                ; 1                             ;
; Entity Instance                           ; altsyncram:value_vector_rtl_0 ;
;     -- OPERATION_MODE                     ; DUAL_PORT                     ;
;     -- WIDTH_A                            ; 4                             ;
;     -- NUMWORDS_A                         ; 96                            ;
;     -- OUTDATA_REG_A                      ; UNREGISTERED                  ;
;     -- WIDTH_B                            ; 4                             ;
;     -- NUMWORDS_B                         ; 96                            ;
;     -- ADDRESS_REG_B                      ; CLOCK0                        ;
;     -- OUTDATA_REG_B                      ; UNREGISTERED                  ;
;     -- RAM_BLOCK_TYPE                     ; AUTO                          ;
;     -- READ_DURING_WRITE_MODE_MIXED_PORTS ; OLD_DATA                      ;
+-------------------------------------------+-------------------------------+


+----------------------------------------------------------------------------------------------------------------+
; Port Connectivity Checks: "Rom:Rom_inst"                                                                       ;
+------+--------+----------+-------------------------------------------------------------------------------------+
; Port ; Type   ; Severity ; Details                                                                             ;
+------+--------+----------+-------------------------------------------------------------------------------------+
; q[7] ; Output ; Info     ; Connected to dangling logic. Logic that only feeds a dangling port will be removed. ;
+------+--------+----------+-------------------------------------------------------------------------------------+


+-------------------------------+
; Elapsed Time Per Partition    ;
+----------------+--------------+
; Partition Name ; Elapsed Time ;
+----------------+--------------+
; Top            ; 00:00:02     ;
+----------------+--------------+


+-------------------------------+
; Analysis & Synthesis Messages ;
+-------------------------------+
Info: *******************************************************************
Info: Running Quartus II 64-Bit Analysis & Synthesis
    Info: Version 13.0.1 Build 232 06/12/2013 Service Pack 1 SJ Full Version
    Info: Processing started: Mon Aug 22 14:07:33 2022
Info: Command: quartus_map --read_settings_files=on --write_settings_files=off compressed_sensing -c compressed_sensing
Info (11104): Parallel Compilation has detected 16 hyper-threaded processors. However, the extra hyper-threaded processors will not be used by default. Parallel Compilation will use 8 of the 8 physical processors detected instead.
Info (12021): Found 1 design units, including 1 entities, in source file /users/shilei wang/desktop/fyp/fpga/compressed_sensing/rtl/rom.v
    Info (12023): Found entity 1: Rom
Info (12021): Found 1 design units, including 1 entities, in source file /users/shilei wang/desktop/fyp/fpga/compressed_sensing/rtl/compressed_sensing.v
    Info (12023): Found entity 1: compressed_sensing
Info (12127): Elaborating entity "compressed_sensing" for the top level hierarchy
Warning (10230): Verilog HDL assignment warning at compressed_sensing.v(106): truncated value with size 32 to match size of target (10)
Info (12128): Elaborating entity "Rom" for hierarchy "Rom:Rom_inst"
Warning (10230): Verilog HDL assignment warning at Rom.v(406): truncated value with size 9 to match size of target (8)
Warning (10030): Net "rom.data_a" at Rom.v(7) has no driver or initial value, using a default initial value '0'
Warning (10030): Net "rom.waddr_a" at Rom.v(7) has no driver or initial value, using a default initial value '0'
Warning (10030): Net "rom.we_a" at Rom.v(7) has no driver or initial value, using a default initial value '0'
Warning (276020): Inferred RAM node "value_vector_rtl_0" from synchronous design logic.  Pass-through logic has been added to match the read-during-write behavior of the original design.
Info (276014): Found 1 instances of uninferred RAM logic
    Info (276007): RAM logic "Rom:Rom_inst|rom" is uninferred due to asynchronous read logic
Critical Warning (127005): Memory depth (512) in the design file differs from memory depth (385) in the Memory Initialization File "C:/Users/SHILEI WANG/Desktop/FYP/FPGA/compressed_sensing/project/db/compressed_sensing.ram0_Rom_15fa0.hdl.mif" -- setting initial value for remaining addresses to 0
Info (19000): Inferred 1 megafunctions from design logic
    Info (276029): Inferred altsyncram megafunction from the following design logic: "value_vector_rtl_0" 
        Info (286033): Parameter OPERATION_MODE set to DUAL_PORT
        Info (286033): Parameter WIDTH_A set to 4
        Info (286033): Parameter WIDTHAD_A set to 7
        Info (286033): Parameter NUMWORDS_A set to 96
        Info (286033): Parameter WIDTH_B set to 4
        Info (286033): Parameter WIDTHAD_B set to 7
        Info (286033): Parameter NUMWORDS_B set to 96
        Info (286033): Parameter ADDRESS_ACLR_A set to NONE
        Info (286033): Parameter OUTDATA_REG_B set to UNREGISTERED
        Info (286033): Parameter ADDRESS_ACLR_B set to NONE
        Info (286033): Parameter OUTDATA_ACLR_B set to NONE
        Info (286033): Parameter ADDRESS_REG_B set to CLOCK0
        Info (286033): Parameter INDATA_ACLR_A set to NONE
        Info (286033): Parameter WRCONTROL_ACLR_A set to NONE
        Info (286033): Parameter READ_DURING_WRITE_MODE_MIXED_PORTS set to OLD_DATA
Info (12130): Elaborated megafunction instantiation "altsyncram:value_vector_rtl_0"
Info (12133): Instantiated megafunction "altsyncram:value_vector_rtl_0" with the following parameter:
    Info (12134): Parameter "OPERATION_MODE" = "DUAL_PORT"
    Info (12134): Parameter "WIDTH_A" = "4"
    Info (12134): Parameter "WIDTHAD_A" = "7"
    Info (12134): Parameter "NUMWORDS_A" = "96"
    Info (12134): Parameter "WIDTH_B" = "4"
    Info (12134): Parameter "WIDTHAD_B" = "7"
    Info (12134): Parameter "NUMWORDS_B" = "96"
    Info (12134): Parameter "ADDRESS_ACLR_A" = "NONE"
    Info (12134): Parameter "OUTDATA_REG_B" = "UNREGISTERED"
    Info (12134): Parameter "ADDRESS_ACLR_B" = "NONE"
    Info (12134): Parameter "OUTDATA_ACLR_B" = "NONE"
    Info (12134): Parameter "ADDRESS_REG_B" = "CLOCK0"
    Info (12134): Parameter "INDATA_ACLR_A" = "NONE"
    Info (12134): Parameter "WRCONTROL_ACLR_A" = "NONE"
    Info (12134): Parameter "READ_DURING_WRITE_MODE_MIXED_PORTS" = "OLD_DATA"
Info (12021): Found 1 design units, including 1 entities, in source file db/altsyncram_4qg1.tdf
    Info (12023): Found entity 1: altsyncram_4qg1
Info (286030): Timing-Driven Synthesis is running
Info (17049): 1 registers lost all their fanouts during netlist optimizations.
Info (16010): Generating hard_block partition "hard_block:auto_generated_inst"
    Info (16011): Adding 0 node(s), including 0 DDIO, 0 PLL, 0 transceiver and 0 LCELL
Info (21057): Implemented 402 device resources after synthesis - the final resource count might be different
    Info (21058): Implemented 6 input pins
    Info (21059): Implemented 13 output pins
    Info (21061): Implemented 379 logic cells
    Info (21064): Implemented 4 RAM segments
Info: Quartus II 64-Bit Analysis & Synthesis was successful. 0 errors, 7 warnings
    Info: Peak virtual memory: 4644 megabytes
    Info: Processing ended: Mon Aug 22 14:07:37 2022
    Info: Elapsed time: 00:00:04
    Info: Total CPU time (on all processors): 00:00:04


