Flow report for compressed_sensing
Mon Aug 22 14:07:50 2022
Quartus II 64-Bit Version 13.0.1 Build 232 06/12/2013 Service Pack 1 SJ Full Version


---------------------
; Table of Contents ;
---------------------
  1. Legal Notice
  2. Flow Summary
  3. Flow Settings
  4. Flow Non-Default Global Settings
  5. Flow Elapsed Time
  6. Flow OS Summary
  7. Flow Log
  8. Flow Messages
  9. Flow Suppressed Messages



----------------
; Legal Notice ;
----------------
Copyright (C) 1991-2013 Altera Corporation
Your use of Altera Corporation's design tools, logic functions 
and other software and tools, and its AMPP partner logic 
functions, and any output files from any of the foregoing 
(including device programming or simulation files), and any 
associated documentation or information are expressly subject 
to the terms and conditions of the Altera Program License 
Subscription Agreement, Altera MegaCore Function License 
Agreement, or other applicable license agreement, including, 
without limitation, that your use is for the sole purpose of 
programming logic devices manufactured by Altera and sold by 
Altera or its authorized distributors.  Please refer to the 
applicable agreement for further details.



+---------------------------------------------------------------------------------------+
; Flow Summary                                                                          ;
+------------------------------------+--------------------------------------------------+
; Flow Status                        ; Successful - Mon Aug 22 14:07:50 2022            ;
; Quartus II 64-Bit Version          ; 13.0.1 Build 232 06/12/2013 SP 1 SJ Full Version ;
; Revision Name                      ; compressed_sensing                               ;
; Top-level Entity Name              ; compressed_sensing                               ;
; Family                             ; Cyclone IV E                                     ;
; Device                             ; EP4CE10F17C8                                     ;
; Timing Models                      ; Final                                            ;
; Total logic elements               ; 361 / 10,320 ( 3 % )                             ;
;     Total combinational functions  ; 345 / 10,320 ( 3 % )                             ;
;     Dedicated logic registers      ; 67 / 10,320 ( < 1 % )                            ;
; Total registers                    ; 67                                               ;
; Total pins                         ; 19 / 180 ( 11 % )                                ;
; Total virtual pins                 ; 0                                                ;
; Total memory bits                  ; 384 / 423,936 ( < 1 % )                          ;
; Embedded Multiplier 9-bit elements ; 0 / 46 ( 0 % )                                   ;
; Total PLLs                         ; 0 / 2 ( 0 % )                                    ;
+------------------------------------+--------------------------------------------------+


+-----------------------------------------+
; Flow Settings                           ;
+-------------------+---------------------+
; Option            ; Setting             ;
+-------------------+---------------------+
; Start date & time ; 08/22/2022 14:07:34 ;
; Main task         ; Compilation         ;
; Revision Name     ; compressed_sensing  ;
+-------------------+---------------------+


+------------------------------------------------------------------------------------------------------------------------------------+
; Flow Non-Default Global Settings                                                                                                   ;
+--------------------------------------+---------------------------------------+---------------+-------------+-----------------------+
; Assignment Name                      ; Value                                 ; Default Value ; Entity Name ; Section Id            ;
+--------------------------------------+---------------------------------------+---------------+-------------+-----------------------+
; COMPILER_SIGNATURE_ID                ; 62619210980289.166117365421596        ; --            ; --          ; --                    ;
; EDA_DESIGN_INSTANCE_NAME             ; NA                                    ; --            ; --          ; tb_compressed_sensing ;
; EDA_NATIVELINK_SIMULATION_TEST_BENCH ; tb_compressed_sensing                 ; --            ; --          ; eda_simulation        ;
; EDA_OUTPUT_DATA_FORMAT               ; Verilog Hdl                           ; --            ; --          ; eda_simulation        ;
; EDA_SIMULATION_TOOL                  ; ModelSim (Verilog)                    ; <None>        ; --          ; --                    ;
; EDA_TEST_BENCH_ENABLE_STATUS         ; TEST_BENCH_MODE                       ; --            ; --          ; eda_simulation        ;
; EDA_TEST_BENCH_FILE                  ; ../SIM/tb_compressed_sensing.v        ; --            ; --          ; tb_compressed_sensing ;
; EDA_TEST_BENCH_MODULE_NAME           ; tb_compressed_sensing                 ; --            ; --          ; tb_compressed_sensing ;
; EDA_TEST_BENCH_NAME                  ; tb_compressed_sensing                 ; --            ; --          ; eda_simulation        ;
; EDA_TEST_BENCH_RUN_SIM_FOR           ; 1 us                                  ; --            ; --          ; tb_compressed_sensing ;
; EDA_TIME_SCALE                       ; 1 ps                                  ; --            ; --          ; eda_simulation        ;
; MAX_CORE_JUNCTION_TEMP               ; 85                                    ; --            ; --          ; --                    ;
; MIN_CORE_JUNCTION_TEMP               ; 0                                     ; --            ; --          ; --                    ;
; NOMINAL_CORE_SUPPLY_VOLTAGE          ; 1.2V                                  ; --            ; --          ; --                    ;
; PARTITION_COLOR                      ; 16764057                              ; --            ; --          ; Top                   ;
; PARTITION_FITTER_PRESERVATION_LEVEL  ; PLACEMENT_AND_ROUTING                 ; --            ; --          ; Top                   ;
; PARTITION_NETLIST_TYPE               ; SOURCE                                ; --            ; --          ; Top                   ;
; POWER_BOARD_THERMAL_MODEL            ; None (CONSERVATIVE)                   ; --            ; --          ; --                    ;
; POWER_PRESET_COOLING_SOLUTION        ; 23 MM HEAT SINK WITH 200 LFPM AIRFLOW ; --            ; --          ; --                    ;
; PROJECT_OUTPUT_DIRECTORY             ; output_files                          ; --            ; --          ; --                    ;
+--------------------------------------+---------------------------------------+---------------+-------------+-----------------------+


+-------------------------------------------------------------------------------------------------------------------------------+
; Flow Elapsed Time                                                                                                             ;
+---------------------------+--------------+-------------------------+---------------------+------------------------------------+
; Module Name               ; Elapsed Time ; Average Processors Used ; Peak Virtual Memory ; Total CPU Time (on all processors) ;
+---------------------------+--------------+-------------------------+---------------------+------------------------------------+
; Analysis & Synthesis      ; 00:00:04     ; 1.0                     ; 4644 MB             ; 00:00:03                           ;
; Fitter                    ; 00:00:06     ; 1.0                     ; 5558 MB             ; 00:00:07                           ;
; Assembler                 ; 00:00:01     ; 1.0                     ; 4544 MB             ; 00:00:01                           ;
; TimeQuest Timing Analyzer ; 00:00:02     ; 1.0                     ; 4654 MB             ; 00:00:02                           ;
; EDA Netlist Writer        ; 00:00:01     ; 1.0                     ; 4515 MB             ; 00:00:01                           ;
; Total                     ; 00:00:14     ; --                      ; --                  ; 00:00:14                           ;
+---------------------------+--------------+-------------------------+---------------------+------------------------------------+


+----------------------------------------------------------------------------------------+
; Flow OS Summary                                                                        ;
+---------------------------+------------------+-----------+------------+----------------+
; Module Name               ; Machine Hostname ; OS Name   ; OS Version ; Processor type ;
+---------------------------+------------------+-----------+------------+----------------+
; Analysis & Synthesis      ; LAPTOP-OITQGUSK  ; Windows 7 ; 6.2        ; x86_64         ;
; Fitter                    ; LAPTOP-OITQGUSK  ; Windows 7 ; 6.2        ; x86_64         ;
; Assembler                 ; LAPTOP-OITQGUSK  ; Windows 7 ; 6.2        ; x86_64         ;
; TimeQuest Timing Analyzer ; LAPTOP-OITQGUSK  ; Windows 7 ; 6.2        ; x86_64         ;
; EDA Netlist Writer        ; LAPTOP-OITQGUSK  ; Windows 7 ; 6.2        ; x86_64         ;
+---------------------------+------------------+-----------+------------+----------------+


------------
; Flow Log ;
------------
quartus_map --read_settings_files=on --write_settings_files=off compressed_sensing -c compressed_sensing
quartus_fit --read_settings_files=off --write_settings_files=off compressed_sensing -c compressed_sensing
quartus_asm --read_settings_files=off --write_settings_files=off compressed_sensing -c compressed_sensing
quartus_sta compressed_sensing -c compressed_sensing
quartus_eda --read_settings_files=off --write_settings_files=off compressed_sensing -c compressed_sensing



